2025-05-07 05:58:22,677 [INFO] Activator:176 - 


2025-05-07 05:58:22,685 [INFO] Activator:177 - !SESSION log4j initialized
2025-05-07 05:58:25,227 [INFO] LogOutputStream:77 - [STDOUT_REDIRECT] 
2025-05-07 05:58:27,065 [INFO] ApplicationProperties:184 - Using Application install path: C:\ST\STM32CubeIDE_1.18.1\STM32CubeIDE\plugins\com.st.stm32cube.common.mx_6.14.1.202504091515
2025-05-07 05:58:27,082 [INFO] DbMcusXml:78 - Set database path to: C:\ST\STM32CubeIDE_1.18.1\STM32CubeIDE\plugins\com.st.stm32cube.common.mx_6.14.1.202504091515\\db\/mcu/
2025-05-07 05:58:27,082 [INFO] ApiDb:274 - Set plugin database path to: C:\ST\STM32CubeIDE_1.18.1\STM32CubeIDE\plugins\com.st.stm32cube.common.mx_6.14.1.202504091515\\db\/plugins/boardmanager/
2025-05-07 05:58:27,083 [WARN] ApiDb:259 - Overriding images path with different value:  => C:\ST\STM32CubeIDE_1.18.1\STM32CubeIDE\plugins\com.st.stm32cube.common.mx_6.14.1.202504091515\\db\/plugins/mcufinder/images/
2025-05-07 05:58:27,090 [INFO] ApiDb:250 - Set database path to: C:\Users\Adriano\.stmcufinder\plugins\mcufinder//mcu/
2025-05-07 05:58:27,091 [INFO] DbMcusAds:125 - Set database path to: C:\Users\Adriano\.stmcufinder\plugins\mcufinder//mcu/
2025-05-07 05:58:27,093 [INFO] CrossReferenceDbSqlite:203 - Set database path to: C:\Users\Adriano\.stmcufinder\plugins\mcufinder//mcu/cs/
2025-05-07 05:58:27,186 [INFO] RulesReader:64 - Compatibility file has been processed (302 Rules)
2025-05-07 05:58:27,245 [INFO] DbMcusXml:78 - Set database path to: C:\ST\STM32CubeIDE_1.18.1\STM32CubeIDE\plugins\com.st.stm32cube.common.mx_6.14.1.202504091515\\db\/mcu/
2025-05-07 05:58:27,245 [INFO] ApiDb:274 - Set plugin database path to: C:\ST\STM32CubeIDE_1.18.1\STM32CubeIDE\plugins\com.st.stm32cube.common.mx_6.14.1.202504091515\\db\/plugins/boardmanager/
2025-05-07 05:58:27,245 [INFO] ApiDb:261 - Set plugin images path to: C:\ST\STM32CubeIDE_1.18.1\STM32CubeIDE\plugins\com.st.stm32cube.common.mx_6.14.1.202504091515\\db\/plugins/mcufinder/images/
2025-05-07 05:58:27,245 [WARN] DbFile:41 - Overriding database path with different value: C:\Users\Adriano\.stmcufinder\plugins\mcufinder/ => C:\Users\Adriano\.stmcufinder\plugins\mcufinder
2025-05-07 05:58:27,245 [INFO] ApiDb:250 - Set database path to: C:\Users\Adriano\.stmcufinder\plugins\mcufinder//mcu/
2025-05-07 05:58:27,245 [WARN] DbFile:41 - Overriding database path with different value: C:\Users\Adriano\.stmcufinder\plugins\mcufinder/ => C:\Users\Adriano\.stmcufinder\plugins\mcufinder
2025-05-07 05:58:27,246 [INFO] DbMcusAds:125 - Set database path to: C:\Users\Adriano\.stmcufinder\plugins\mcufinder//mcu/
2025-05-07 05:58:27,246 [WARN] DbFile:41 - Overriding database path with different value: C:\Users\Adriano\.stmcufinder\plugins\mcufinder/ => C:\Users\Adriano\.stmcufinder\plugins\mcufinder
2025-05-07 05:58:27,246 [WARN] DbFile:41 - Overriding database path with different value: C:\Users\Adriano\.stmcufinder\plugins\mcufinder/ => C:\Users\Adriano\.stmcufinder\plugins\mcufinder
2025-05-07 05:58:27,246 [INFO] CrossReferenceDbSqlite:203 - Set database path to: C:\Users\Adriano\.stmcufinder\plugins\mcufinder//mcu/cs/
2025-05-07 05:58:27,308 [INFO] MainPanel:272 - HeapMemory: 268435456
2025-05-07 05:58:27,406 [INFO] DbMcusXml:78 - Set database path to: C:\ST\STM32CubeIDE_1.18.1\STM32CubeIDE\plugins\com.st.stm32cube.common.mx_6.14.1.202504091515\\db\/mcu/
2025-05-07 05:58:27,406 [INFO] ApiDb:274 - Set plugin database path to: C:\ST\STM32CubeIDE_1.18.1\STM32CubeIDE\plugins\com.st.stm32cube.common.mx_6.14.1.202504091515\\db\/plugins/boardmanager/
2025-05-07 05:58:27,406 [INFO] ApiDb:261 - Set plugin images path to: C:\ST\STM32CubeIDE_1.18.1\STM32CubeIDE\plugins\com.st.stm32cube.common.mx_6.14.1.202504091515\\db\/plugins/mcufinder/images/
2025-05-07 05:58:27,406 [WARN] DbFile:41 - Overriding database path with different value: C:\Users\Adriano\.stmcufinder\plugins\mcufinder/ => C:\Users\Adriano\.stmcufinder\plugins\mcufinder
2025-05-07 05:58:27,406 [INFO] ApiDb:250 - Set database path to: C:\Users\Adriano\.stmcufinder\plugins\mcufinder//mcu/
2025-05-07 05:58:27,406 [WARN] DbFile:41 - Overriding database path with different value: C:\Users\Adriano\.stmcufinder\plugins\mcufinder/ => C:\Users\Adriano\.stmcufinder\plugins\mcufinder
2025-05-07 05:58:27,406 [INFO] DbMcusAds:125 - Set database path to: C:\Users\Adriano\.stmcufinder\plugins\mcufinder//mcu/
2025-05-07 05:58:27,406 [WARN] DbFile:41 - Overriding database path with different value: C:\Users\Adriano\.stmcufinder\plugins\mcufinder/ => C:\Users\Adriano\.stmcufinder\plugins\mcufinder
2025-05-07 05:58:27,406 [WARN] DbFile:41 - Overriding database path with different value: C:\Users\Adriano\.stmcufinder\plugins\mcufinder/ => C:\Users\Adriano\.stmcufinder\plugins\mcufinder
2025-05-07 05:58:27,407 [INFO] CrossReferenceDbSqlite:203 - Set database path to: C:\Users\Adriano\.stmcufinder\plugins\mcufinder//mcu/cs/
2025-05-07 05:58:27,422 [INFO] ApplicationProperties:184 - Using Application install path: C:\ST\STM32CubeIDE_1.18.1\STM32CubeIDE\plugins\com.st.stm32cube.common.mx_6.14.1.202504091515
2025-05-07 05:58:27,423 [INFO] PluginManage:196 - Search for loadable plugins [exclusion list=, ]
2025-05-07 05:58:27,424 [INFO] PluginManage:310 - Check plugin analytics
2025-05-07 05:58:27,572 [INFO] AnalyticsPlugin:253 - Accepted Software Licenses: 
2025-05-07 05:58:27,572 [INFO] AnalyticsPlugin:255 - Accepted CMSIS Pack Licenses: 
2025-05-07 05:58:27,572 [INFO] AnalyticsPlugin:257 - Accepted Firmware Licenses: FW.F4.1.28.0,FW.L4.1.18.0
2025-05-07 05:58:27,574 [INFO] PluginManage:359 - Loaded plugin analytics (category:tool,tabindex:-1)
2025-05-07 05:58:27,574 [INFO] PluginManage:310 - Check plugin cadmodel
2025-05-07 05:58:27,580 [INFO] CADModel:105 - Init CAD model plugin
2025-05-07 05:58:27,580 [INFO] PluginManage:359 - Loaded plugin cadmodel (category:power,tabindex:5)
2025-05-07 05:58:27,580 [INFO] PluginManage:310 - Check plugin clock
2025-05-07 05:58:27,589 [INFO] PluginManage:359 - Loaded plugin clock (category:base,tabindex:2)
2025-05-07 05:58:27,589 [INFO] PluginManage:310 - Check plugin ddr
2025-05-07 05:58:27,591 [INFO] PluginManage:359 - Loaded plugin ddr (category:tool,tabindex:6)
2025-05-07 05:58:27,591 [INFO] PluginManage:310 - Check plugin filemanager
2025-05-07 05:58:27,908 [INFO] PluginManage:359 - Loaded plugin filemanager (category:base,tabindex:10)
2025-05-07 05:58:27,909 [INFO] PluginManage:310 - Check plugin ipmanager
2025-05-07 05:58:27,914 [INFO] PluginManage:359 - Loaded plugin ipmanager (category:base,tabindex:5)
2025-05-07 05:58:27,914 [INFO] PluginManage:310 - Check plugin lpbam
2025-05-07 05:58:27,920 [INFO] PluginManage:359 - Loaded plugin lpbam (category:base,tabindex:0)
2025-05-07 05:58:27,920 [INFO] PluginManage:310 - Check plugin memorymap
2025-05-07 05:58:27,932 [INFO] PluginManage:359 - Loaded plugin memorymap (category:base,tabindex:4)
2025-05-07 05:58:27,932 [INFO] PluginManage:310 - Check plugin pinoutandconfiguration
2025-05-07 05:58:27,939 [INFO] PluginManage:359 - Loaded plugin pinoutandconfiguration (category:base,tabindex:1)
2025-05-07 05:58:27,939 [INFO] PluginManage:310 - Check plugin pinoutconfig
2025-05-07 05:58:28,008 [WARN] SupportedApi:132 - Cannot load RTOS API schema: s4s-elt-must-match.1: The content of 'definitions' must match (annotation?, (simpleType | complexType)?, (unique | key | keyref)*)). A problem was found starting at: attribute.
2025-05-07 05:58:28,118 [INFO] PluginManage:359 - Loaded plugin pinoutconfig (category:base,tabindex:0)
2025-05-07 05:58:28,118 [INFO] PluginManage:310 - Check plugin power
2025-05-07 05:58:28,128 [INFO] PluginManage:359 - Loaded plugin power (category:power,tabindex:4)
2025-05-07 05:58:28,128 [INFO] PluginManage:310 - Check plugin projectmanager
2025-05-07 05:58:28,140 [INFO] PluginManage:359 - Loaded plugin projectmanager (category:projectmanager,tabindex:4)
2025-05-07 05:58:28,140 [INFO] PluginManage:310 - Check plugin rif
2025-05-07 05:58:28,146 [INFO] PluginManage:359 - Loaded plugin rif (category:base,tabindex:3)
2025-05-07 05:58:28,146 [INFO] PluginManage:310 - Check plugin thirdparty
2025-05-07 05:58:28,251 [INFO] PluginManage:359 - Loaded plugin thirdparty (category:base,tabindex:-1)
2025-05-07 05:58:28,251 [INFO] PluginManage:310 - Check plugin tools
2025-05-07 05:58:28,251 [WARN] IntegrityCheckThread:84 - waiting for thirdparty lock release [integrity check]
2025-05-07 05:58:28,252 [INFO] IntegrityCheckThread:86 - entering critical section [integrity check]
2025-05-07 05:58:28,252 [INFO] ThirdPartyUpdaterWithRetryManager:70 - Updater plugin not ready yet. [1/15]
2025-05-07 05:58:28,254 [INFO] PluginManage:359 - Loaded plugin tools (category:base,tabindex:7)
2025-05-07 05:58:28,254 [INFO] PluginManage:310 - Check plugin tutovideos
2025-05-07 05:58:28,390 [INFO] PluginManage:359 - Loaded plugin tutovideos (category:base,tabindex:-1)
2025-05-07 05:58:28,390 [INFO] PluginManage:310 - Check plugin updater
2025-05-07 05:58:28,407 [INFO] PluginManage:359 - Loaded plugin updater (category:base,tabindex:12)
2025-05-07 05:58:28,407 [INFO] PluginManage:310 - Check plugin userauth
2025-05-07 05:58:28,410 [INFO] UserAuth:118 - Init User Auth plugin
2025-05-07 05:58:28,411 [INFO] PluginManage:359 - Loaded plugin userauth (category:base,tabindex:14)
2025-05-07 05:58:28,411 [INFO] PluginManage:283 - PluginManage : Loaded plugins [18]
2025-05-07 05:58:28,570 [INFO] PinOutPanel:1589 - setPackage(No Configuration,No Configuration)
2025-05-07 05:58:28,630 [INFO] CADModel:165 - CPN selected for project level
2025-05-07 05:58:28,630 [INFO] CADModel:114 - Register for checkConnection events
2025-05-07 05:58:28,642 [INFO] IPUIPlugin:80 - create IPUIPlugin
2025-05-07 05:58:28,642 [INFO] PluginManager:220 - loadIPPluginJar : add adc
2025-05-07 05:58:28,645 [INFO] IPUIPlugin:80 - create IPUIPlugin
2025-05-07 05:58:28,645 [INFO] PluginManager:220 - loadIPPluginJar : add aes
2025-05-07 05:58:28,646 [INFO] IPUIPlugin:80 - create IPUIPlugin
2025-05-07 05:58:28,646 [INFO] PluginManager:220 - loadIPPluginJar : add can
2025-05-07 05:58:28,647 [INFO] IPUIPlugin:80 - create IPUIPlugin
2025-05-07 05:58:28,647 [INFO] PluginManager:220 - loadIPPluginJar : add comp
2025-05-07 05:58:28,649 [INFO] IPUIPlugin:80 - create IPUIPlugin
2025-05-07 05:58:28,649 [INFO] PluginManager:220 - loadIPPluginJar : add cryp
2025-05-07 05:58:28,652 [INFO] IPUIPlugin:80 - create IPUIPlugin
2025-05-07 05:58:28,652 [INFO] PluginManager:220 - loadIPPluginJar : add ddr_ctrl_phy
2025-05-07 05:58:28,654 [INFO] IPUIPlugin:80 - create IPUIPlugin
2025-05-07 05:58:28,654 [INFO] PluginManager:220 - loadIPPluginJar : add dfsdm
2025-05-07 05:58:28,657 [INFO] IPUIPlugin:80 - create IPUIPlugin
2025-05-07 05:58:28,657 [INFO] PluginManager:220 - loadIPPluginJar : add dma
2025-05-07 05:58:28,660 [INFO] IPUIPlugin:80 - create IPUIPlugin
2025-05-07 05:58:28,660 [INFO] PluginManager:220 - loadIPPluginJar : add dma3
2025-05-07 05:58:28,662 [INFO] IPUIPlugin:80 - create IPUIPlugin
2025-05-07 05:58:28,662 [INFO] PluginManager:220 - loadIPPluginJar : add extmemmanager
2025-05-07 05:58:28,663 [INFO] IPUIPlugin:80 - create IPUIPlugin
2025-05-07 05:58:28,663 [INFO] PluginManager:220 - loadIPPluginJar : add fatfs
2025-05-07 05:58:28,667 [INFO] IPUIPlugin:80 - create IPUIPlugin
2025-05-07 05:58:28,667 [INFO] PluginManager:220 - loadIPPluginJar : add fmc
2025-05-07 05:58:28,672 [INFO] IPUIPlugin:80 - create IPUIPlugin
2025-05-07 05:58:28,672 [INFO] PluginManager:220 - loadIPPluginJar : add freertos
2025-05-07 05:58:28,673 [INFO] IPUIPlugin:80 - create IPUIPlugin
2025-05-07 05:58:28,673 [INFO] PluginManager:220 - loadIPPluginJar : add genericplugin
2025-05-07 05:58:28,675 [INFO] IPUIPlugin:80 - create IPUIPlugin
2025-05-07 05:58:28,675 [INFO] PluginManager:220 - loadIPPluginJar : add gfxmmu
2025-05-07 05:58:28,678 [INFO] IPUIPlugin:80 - create IPUIPlugin
2025-05-07 05:58:28,679 [INFO] PluginManager:220 - loadIPPluginJar : add gic
2025-05-07 05:58:28,682 [INFO] IPUIPlugin:80 - create IPUIPlugin
2025-05-07 05:58:28,682 [INFO] PluginManager:220 - loadIPPluginJar : add gpio
2025-05-07 05:58:28,684 [INFO] IPUIPlugin:80 - create IPUIPlugin
2025-05-07 05:58:28,684 [INFO] PluginManager:220 - loadIPPluginJar : add gtzc
2025-05-07 05:58:28,687 [INFO] IPUIPlugin:80 - create IPUIPlugin
2025-05-07 05:58:28,687 [INFO] PluginManager:220 - loadIPPluginJar : add hash
2025-05-07 05:58:28,689 [INFO] IPUIPlugin:80 - create IPUIPlugin
2025-05-07 05:58:28,689 [INFO] PluginManager:220 - loadIPPluginJar : add i2c
2025-05-07 05:58:28,692 [INFO] IPUIPlugin:80 - create IPUIPlugin
2025-05-07 05:58:28,692 [INFO] PluginManager:220 - loadIPPluginJar : add i2s
2025-05-07 05:58:28,695 [INFO] IPUIPlugin:80 - create IPUIPlugin
2025-05-07 05:58:28,695 [INFO] PluginManager:220 - loadIPPluginJar : add i3c
2025-05-07 05:58:28,698 [INFO] IPUIPlugin:80 - create IPUIPlugin
2025-05-07 05:58:28,698 [INFO] PluginManager:220 - loadIPPluginJar : add ipddr
2025-05-07 05:58:28,702 [INFO] IPUIPlugin:80 - create IPUIPlugin
2025-05-07 05:58:28,702 [INFO] PluginManager:220 - loadIPPluginJar : add linkedlist
2025-05-07 05:58:28,704 [INFO] IPUIPlugin:80 - create IPUIPlugin
2025-05-07 05:58:28,705 [INFO] PluginManager:220 - loadIPPluginJar : add lorawan
2025-05-07 05:58:28,706 [INFO] IPUIPlugin:80 - create IPUIPlugin
2025-05-07 05:58:28,706 [INFO] PluginManager:220 - loadIPPluginJar : add ltdc
2025-05-07 05:58:28,710 [INFO] IPUIPlugin:80 - create IPUIPlugin
2025-05-07 05:58:28,710 [INFO] PluginManager:220 - loadIPPluginJar : add mdma
2025-05-07 05:58:28,713 [INFO] IPUIPlugin:80 - create IPUIPlugin
2025-05-07 05:58:28,713 [INFO] PluginManager:220 - loadIPPluginJar : add nvic
2025-05-07 05:58:28,716 [INFO] IPUIPlugin:80 - create IPUIPlugin
2025-05-07 05:58:28,716 [INFO] PluginManager:220 - loadIPPluginJar : add opamp
2025-05-07 05:58:28,718 [INFO] IPUIPlugin:80 - create IPUIPlugin
2025-05-07 05:58:28,718 [INFO] PluginManager:220 - loadIPPluginJar : add openamp
2025-05-07 05:58:28,721 [INFO] IPUIPlugin:80 - create IPUIPlugin
2025-05-07 05:58:28,721 [INFO] PluginManager:220 - loadIPPluginJar : add pdm2pcm
2025-05-07 05:58:28,725 [INFO] IPUIPlugin:80 - create IPUIPlugin
2025-05-07 05:58:28,727 [INFO] PluginManager:220 - loadIPPluginJar : add plateformsettings
2025-05-07 05:58:28,728 [INFO] IPUIPlugin:80 - create IPUIPlugin
2025-05-07 05:58:28,728 [INFO] PluginManager:220 - loadIPPluginJar : add quadspi
2025-05-07 05:58:28,730 [INFO] IPUIPlugin:80 - create IPUIPlugin
2025-05-07 05:58:28,730 [INFO] PluginManager:220 - loadIPPluginJar : add radio
2025-05-07 05:58:28,733 [INFO] IPUIPlugin:80 - create IPUIPlugin
2025-05-07 05:58:28,733 [INFO] PluginManager:220 - loadIPPluginJar : add resmgrutility
2025-05-07 05:58:28,735 [INFO] IPUIPlugin:80 - create IPUIPlugin
2025-05-07 05:58:28,735 [INFO] PluginManager:220 - loadIPPluginJar : add sai
2025-05-07 05:58:28,737 [INFO] IPUIPlugin:80 - create IPUIPlugin
2025-05-07 05:58:28,737 [INFO] PluginManager:220 - loadIPPluginJar : add spi
2025-05-07 05:58:28,741 [INFO] IPUIPlugin:80 - create IPUIPlugin
2025-05-07 05:58:28,741 [INFO] PluginManager:220 - loadIPPluginJar : add stm32_wpan
2025-05-07 05:58:28,742 [INFO] IPUIPlugin:80 - create IPUIPlugin
2025-05-07 05:58:28,742 [INFO] PluginManager:220 - loadIPPluginJar : add tim
2025-05-07 05:58:28,744 [INFO] IPUIPlugin:80 - create IPUIPlugin
2025-05-07 05:58:28,744 [INFO] PluginManager:220 - loadIPPluginJar : add touchsensing
2025-05-07 05:58:28,746 [INFO] IPUIPlugin:80 - create IPUIPlugin
2025-05-07 05:58:28,746 [INFO] PluginManager:220 - loadIPPluginJar : add tracer_emb
2025-05-07 05:58:28,748 [INFO] IPUIPlugin:80 - create IPUIPlugin
2025-05-07 05:58:28,748 [INFO] PluginManager:220 - loadIPPluginJar : add ts
2025-05-07 05:58:28,748 [INFO] IPUIPlugin:80 - create IPUIPlugin
2025-05-07 05:58:28,748 [INFO] PluginManager:220 - loadIPPluginJar : add tsc
2025-05-07 05:58:28,750 [INFO] IPUIPlugin:80 - create IPUIPlugin
2025-05-07 05:58:28,750 [INFO] PluginManager:220 - loadIPPluginJar : add ucpd
2025-05-07 05:58:28,752 [INFO] IPUIPlugin:80 - create IPUIPlugin
2025-05-07 05:58:28,752 [INFO] PluginManager:220 - loadIPPluginJar : add usart
2025-05-07 05:58:28,754 [INFO] IPUIPlugin:80 - create IPUIPlugin
2025-05-07 05:58:28,754 [INFO] PluginManager:220 - loadIPPluginJar : add usbx
2025-05-07 05:58:28,864 [FATAL] Updater:351 - Updater called before beeing initialized
2025-05-07 05:58:28,894 [INFO] RulesReader:64 - Compatibility file has been processed (302 Rules)
2025-05-07 05:58:28,903 [INFO] RulesReader:64 - Compatibility file has been processed (302 Rules)
2025-05-07 05:58:28,909 [INFO] CADModel:165 - CPN selected for project level
2025-05-07 05:58:28,909 [INFO] CADModel:114 - Register for checkConnection events
2025-05-07 05:58:28,909 [FATAL] Updater:351 - Updater called before beeing initialized
2025-05-07 05:58:28,909 [ERROR] CADModel:125 - Updater not yet initialized, retry later 
2025-05-07 05:58:29,016 [FATAL] Updater:351 - Updater called before beeing initialized
2025-05-07 05:58:29,018 [INFO] CADModel:165 - CPN selected for project level
2025-05-07 05:58:29,018 [INFO] CADModel:114 - Register for checkConnection events
2025-05-07 05:58:29,018 [FATAL] Updater:351 - Updater called before beeing initialized
2025-05-07 05:58:29,018 [ERROR] CADModel:125 - Updater not yet initialized, retry later 
2025-05-07 05:58:29,020 [FATAL] Updater:351 - Updater called before beeing initialized
2025-05-07 05:58:29,098 [FATAL] Updater:351 - Updater called before beeing initialized
2025-05-07 05:58:29,100 [INFO] DbMcusAds:53 - JSON generation date=Thu Mar 06 11:54:22 BRT 2025 (1741272862204)
2025-05-07 05:58:29,101 [FATAL] Updater:351 - Updater called before beeing initialized
2025-05-07 05:58:29,135 [WARN] DetailPanel:346 - Failed to get advertising image, set to default
2025-05-07 05:58:29,356 [FATAL] Updater:351 - Updater called before beeing initialized
2025-05-07 05:58:29,358 [FATAL] Updater:351 - Updater called before beeing initialized
2025-05-07 05:58:29,358 [FATAL] Updater:351 - Updater called before beeing initialized
2025-05-07 05:58:29,358 [WARN] DetailPanel:346 - Failed to get advertising image, set to default
2025-05-07 05:58:29,359 [FATAL] Updater:351 - Updater called before beeing initialized
2025-05-07 05:58:29,390 [ERROR] Updater:1198 - MainUpdater not yet initialized. External WinMGr cannot be set.
2025-05-07 05:58:29,392 [INFO] Updater:1134 - Updater Version found : 6.14.1
2025-05-07 05:58:29,406 [INFO] ApplicationProperties:184 - Using Application install path: C:\ST\STM32CubeIDE_1.18.1\STM32CubeIDE\plugins\com.st.stm32cube.common.mx_6.14.1.202504091515
2025-05-07 05:58:29,794 [INFO] MainUpdater:2872 - connection check result : 10
2025-05-07 05:58:29,796 [INFO] MainUpdater:289 - Updater Check For Update Now.
2025-05-07 05:58:29,796 [INFO] MicroXplorer:498 - Change Database Version : DB.6.0.141
2025-05-07 05:58:29,804 [INFO] McuFinderGlobals:63 - Set McuFinder mode to 2 (CubeIDE integrated)
2025-05-07 05:58:29,806 [INFO] UserAuth:484 - Internet connection configuration mode: 1
2025-05-07 05:58:29,827 [INFO] JxBrowserEngine:152 - Initiate JxBrowser Engine with user profile folder
2025-05-07 05:58:29,971 [INFO] CheckServerUpdateThread:120 - End of CheckServer Thread
2025-05-07 05:58:31,390 [INFO] WebApp:169 - Instantiating new browser for Auth
2025-05-07 05:58:31,489 [WARN] PackLoader:240 - Cannot read IP mode file for STMicroelectronics.FP-SNS-MOTENVWB1.1.4.0
2025-05-07 05:58:31,497 [WARN] PackLoader:240 - Cannot read IP mode file for STMicroelectronics.FP-ATR-ASTRA1.2.0.2
2025-05-07 05:58:31,500 [WARN] PackLoader:240 - Cannot read IP mode file for STMicroelectronics.FP-ATR-ASTRA1.2.0.1
2025-05-07 05:58:31,507 [WARN] PackLoader:240 - Cannot read IP mode file for STMicroelectronics.X-CUBE-SMBUS.2.1.0
2025-05-07 05:58:31,514 [WARN] PackLoader:240 - Cannot read IP mode file for STMicroelectronics.X-CUBE-WB05N.1.1.0
2025-05-07 05:58:31,545 [WARN] PackLoader:240 - Cannot read IP mode file for STMicroelectronics.X-CUBE-AZRTOS-F7.1.1.0
2025-05-07 05:58:31,555 [WARN] PackLoader:240 - Cannot read IP mode file for STMicroelectronics.FP-SNS-FLIGHT1.5.0.2
2025-05-07 05:58:31,576 [WARN] PackLoader:240 - Cannot read IP mode file for Infineon.AIROC-Wi-Fi-Bluetooth-STM32.1.7.0
2025-05-07 05:58:31,589 [WARN] PackLoader:240 - Cannot read IP mode file for STMicroelectronics.X-CUBE-DISPLAY.3.0.0
2025-05-07 05:58:31,598 [WARN] PackLoader:240 - Cannot read IP mode file for STMicroelectronics.X-CUBE-BLE1.7.0.0
2025-05-07 05:58:31,602 [WARN] PackLoader:240 - Cannot read IP mode file for STMicroelectronics.X-CUBE-NFC10.1.0.0
2025-05-07 05:58:31,614 [WARN] PackLoader:240 - Cannot read IP mode file for STMicroelectronics.X-CUBE-BLEMGR.4.0.0
2025-05-07 05:58:31,621 [WARN] PackLoader:240 - Cannot read IP mode file for emotas.I-CUBE-CANOPEN.1.3.0
2025-05-07 05:58:31,643 [WARN] ConditionMgr:438 - getConditionDescription Invalid condition id : Cortex-A Device cause : null
2025-05-07 05:58:31,654 [WARN] ConditionMgr:1044 - genDependencies : Invalid condition id : Cortex-A Device cause : null
2025-05-07 05:58:31,656 [WARN] ConditionMgr:1044 - genDependencies : Invalid condition id : Cortex-A Device cause : null
2025-05-07 05:58:31,656 [WARN] ConditionMgr:1044 - genDependencies : Invalid condition id : Cortex-A Device cause : null
2025-05-07 05:58:31,660 [WARN] PackLoader:240 - Cannot read IP mode file for STMicroelectronics.FP-SNS-SMARTAG2.1.2.0
2025-05-07 05:58:31,663 [WARN] PackLoader:240 - Cannot read IP mode file for STMicroelectronics.FP-SNS-FLIGHT1.5.1.0
2025-05-07 05:58:31,711 [WARN] PackLoader:240 - Cannot read IP mode file for STMicroelectronics.X-CUBE-MEMS1.11.1.0
2025-05-07 05:58:31,842 [INFO] LogOutputStream:77 - [STDOUT_REDIRECT] 1 : Invalid condition id : UX_CORESTACK_Condition cause : null
2025-05-07 05:58:31,844 [INFO] LogOutputStream:77 - [STDOUT_REDIRECT] 1 : Invalid condition id : UX_CORESTACK_Condition cause : null
2025-05-07 05:58:31,845 [INFO] LogOutputStream:77 - [STDOUT_REDIRECT] 1 : Invalid condition id : UX_CORESTACK_Condition cause : null
2025-05-07 05:58:31,845 [INFO] LogOutputStream:77 - [STDOUT_REDIRECT] 1 : Invalid condition id : UX_CORESTACK_Condition cause : null
2025-05-07 05:58:31,846 [INFO] LogOutputStream:77 - [STDOUT_REDIRECT] 1 : Invalid condition id : UX_CORESTACK_Condition cause : null
2025-05-07 05:58:31,848 [WARN] PackLoader:240 - Cannot read IP mode file for STMicroelectronics.X-CUBE-AZRTOS-WL.2.0.0
2025-05-07 05:58:31,853 [WARN] PackLoader:240 - Cannot read IP mode file for STMicroelectronics.FP-SNS-MOTENV1.5.0.0
2025-05-07 05:58:31,859 [WARN] PackLoader:240 - Cannot read IP mode file for WES.I-CUBE-Cesium.1.3.0
2025-05-07 05:58:31,864 [WARN] PackLoader:240 - Cannot read IP mode file for STMicroelectronics.X-CUBE-BLE2.3.3.0
2025-05-07 05:58:31,869 [WARN] PackLoader:240 - Cannot read IP mode file for STMicroelectronics.X-CUBE-NFC9.1.0.0
2025-05-07 05:58:31,873 [WARN] PackLoader:240 - Cannot read IP mode file for STMicroelectronics.X-CUBE-BLE1.7.1.0
2025-05-07 05:58:31,877 [WARN] PackLoader:240 - Cannot read IP mode file for wolfSSL.I-CUBE-wolfMQTT.1.19.2
2025-05-07 05:58:31,908 [WARN] PackLoader:240 - Cannot read IP mode file for STMicroelectronics.X-CUBE-MEMS1.11.2.0
2025-05-07 05:58:32,055 [WARN] PackLoader:240 - Cannot read IP mode file for STMicroelectronics.X-CUBE-AZRTOS-G0.1.1.0
2025-05-07 05:58:32,066 [WARN] PackLoader:240 - Cannot read IP mode file for STMicroelectronics.X-CUBE-SAFEA1.1.2.2
2025-05-07 05:58:32,073 [WARN] PackLoader:240 - Cannot read IP mode file for STMicroelectronics.X-CUBE-NFC4.3.0.0
2025-05-07 05:58:32,082 [WARN] PackLoader:240 - Cannot read IP mode file for EmbeddedOffice.I-CUBE-FS-RTOS.1.0.1
2025-05-07 05:58:32,087 [WARN] PackLoader:240 - Cannot read IP mode file for STMicroelectronics.X-CUBE-WB05N.2.0.0
2025-05-07 05:58:32,091 [WARN] PackLoader:240 - Cannot read IP mode file for wolfSSL.I-CUBE-wolfTPM.3.8.0
2025-05-07 05:58:32,096 [WARN] PackLoader:240 - Cannot read IP mode file for STMicroelectronics.X-CUBE-TCPP.4.2.0
2025-05-07 05:58:32,102 [WARN] PackLoader:240 - Cannot read IP mode file for RealThread.X-CUBE-RT-Thread_Nano.4.1.1
2025-05-07 05:58:32,107 [WARN] PackLoader:240 - Cannot read IP mode file for STMicroelectronics.FP-ATR-SIGFOX1.3.2.0
2025-05-07 05:58:32,113 [WARN] PackLoader:240 - Cannot read IP mode file for STMicroelectronics.X-CUBE-EEPRMA1.5.1.0
2025-05-07 05:58:32,117 [WARN] PackLoader:240 - Cannot read IP mode file for wolfSSL.I-CUBE-wolfSSL.5.7.6
2025-05-07 05:58:32,122 [WARN] PackLoader:240 - Cannot read IP mode file for ITTIA_DB.I-CUBE-ITTIADB.8.9.0
2025-05-07 05:58:32,144 [WARN] PackLoader:240 - Cannot read IP mode file for SEGGER.I-CUBE-embOS.1.3.1
2025-05-07 05:58:32,150 [INFO] WebApp:463 - Apply proxy settings
2025-05-07 05:58:32,151 [INFO] WebApp:548 - Chromium requires no authentication
2025-05-07 05:58:32,163 [INFO] WebApp:491 - Direct internet connection detected
2025-05-07 05:58:32,177 [WARN] PackLoader:240 - Cannot read IP mode file for STMicroelectronics.X-CUBE-ALGOBUILD.1.4.0
2025-05-07 05:58:32,190 [WARN] PackLoader:240 - Cannot read IP mode file for STMicroelectronics.X-CUBE-AZRTOS-F4.1.1.0
2025-05-07 05:58:32,192 [INFO] WebApp:894 - Register for checkConnection events
2025-05-07 05:58:32,192 [INFO] WebApp:463 - Apply proxy settings
2025-05-07 05:58:32,192 [INFO] WebApp:548 - Chromium requires no authentication
2025-05-07 05:58:32,193 [INFO] WebApp:491 - Direct internet connection detected
2025-05-07 05:58:32,195 [WARN] PackLoader:240 - Cannot read IP mode file for Avnet-IotConnect.X-CUBE-IoTC-DA16k-PMOD.1.0.0
2025-05-07 05:58:32,199 [WARN] PackLoader:240 - Cannot read IP mode file for STMicroelectronics.X-CUBE-ISPU.2.1.0
2025-05-07 05:58:32,210 [WARN] PackLoader:240 - Cannot read IP mode file for STMicroelectronics.X-CUBE-AZRTOS-L5.2.0.0
2025-05-07 05:58:32,215 [WARN] PackLoader:240 - Cannot read IP mode file for STMicroelectronics.X-CUBE-NFC6.3.1.0
2025-05-07 05:58:32,221 [WARN] PackLoader:240 - Cannot read IP mode file for STMicroelectronics.X-CUBE-DPower.1.2.0
2025-05-07 05:58:32,224 [WARN] PackLoader:240 - Cannot read IP mode file for STMicroelectronics.X-CUBE-FREERTOS.1.3.0
2025-05-07 05:58:32,229 [WARN] PackLoader:240 - Cannot read IP mode file for STMicroelectronics.X-CUBE-NFC7.1.0.1
2025-05-07 05:58:32,232 [WARN] PackLoader:240 - Cannot read IP mode file for STMicroelectronics.X-CUBE-DPower.1.3.0
2025-05-07 05:58:32,243 [WARN] ConditionMgr:438 - getConditionDescription Invalid condition id : LAN8742 Phy interface Condition cause : null
2025-05-07 05:58:32,243 [WARN] PackLoader:240 - Cannot read IP mode file for STMicroelectronics.X-CUBE-AZRTOS-L4.2.0.0
2025-05-07 05:58:32,244 [WARN] ConditionMgr:1044 - genDependencies : Invalid condition id : LAN8742 Phy interface Condition cause : null
2025-05-07 05:58:32,244 [WARN] ConditionMgr:1044 - genDependencies : Invalid condition id : LAN8742 Phy interface Condition cause : null
2025-05-07 05:58:32,244 [WARN] ConditionMgr:1044 - genDependencies : Invalid condition id : LAN8742 Phy interface Condition cause : null
2025-05-07 05:58:32,250 [WARN] PackLoader:240 - Cannot read IP mode file for STMicroelectronics.X-CUBE-SFXS2LP1.4.0.0
2025-05-07 05:58:32,263 [WARN] PackLoader:240 - Cannot read IP mode file for STMicroelectronics.X-CUBE-AZRTOS-H7.3.3.0
2025-05-07 05:58:32,272 [WARN] ConditionMgr:438 - getConditionDescription Invalid condition id : UX DEVICE CLASS RTOS Condition cause : null
2025-05-07 05:58:32,272 [WARN] ConditionMgr:438 - getConditionDescription Invalid condition id : UX DEVICE CLASS RTOS Condition cause : null
2025-05-07 05:58:32,273 [WARN] PackLoader:240 - Cannot read IP mode file for STMicroelectronics.X-CUBE-AZRTOS-WB.2.0.0
2025-05-07 05:58:32,275 [WARN] ConditionMgr:1044 - genDependencies : Invalid condition id : UX DEVICE CLASS RTOS Condition cause : null
2025-05-07 05:58:32,275 [WARN] ConditionMgr:1044 - genDependencies : Invalid condition id : UX DEVICE CLASS RTOS Condition cause : null
2025-05-07 05:58:32,275 [WARN] ConditionMgr:1044 - genDependencies : Invalid condition id : UX DEVICE CLASS RTOS Condition cause : null
2025-05-07 05:58:32,275 [WARN] ConditionMgr:1044 - genDependencies : Invalid condition id : UX DEVICE CLASS RTOS Condition cause : null
2025-05-07 05:58:32,275 [WARN] ConditionMgr:1044 - genDependencies : Invalid condition id : UX DEVICE CLASS RTOS Condition cause : null
2025-05-07 05:58:32,279 [WARN] PackLoader:240 - Cannot read IP mode file for STMicroelectronics.X-CUBE-GNSS1.7.0.1
2025-05-07 05:58:32,282 [WARN] PackLoader:240 - Cannot read IP mode file for STMicroelectronics.X-CUBE-TOUCHGFX.4.25.0
2025-05-07 05:58:32,287 [WARN] PackLoader:240 - Cannot read IP mode file for STMicroelectronics.FP-SNS-STBOX1.2.0.0
2025-05-07 05:58:32,294 [WARN] PackLoader:240 - Cannot read IP mode file for STMicroelectronics.X-CUBE-SUBG2.5.0.0
2025-05-07 05:58:32,309 [WARN] PackLoader:240 - Cannot read IP mode file for STMicroelectronics.X-CUBE-AZRTOS-H7RS.1.1.0
2025-05-07 05:58:32,314 [WARN] PackLoader:240 - Cannot read IP mode file for Cesanta.I-CUBE-Mongoose.7.13.0
2025-05-07 05:58:32,326 [WARN] PackLoader:240 - Cannot read IP mode file for STMicroelectronics.X-CUBE-AZRTOS-G4.2.0.0
2025-05-07 05:58:32,330 [WARN] PackLoader:240 - Cannot read IP mode file for wolfSSL.I-CUBE-wolfSSH.1.4.20
2025-05-07 05:58:32,332 [WARN] PackLoader:240 - Cannot read IP mode file for STMicroelectronics.X-CUBE-NFC7.2.0.0
2025-05-07 05:58:32,341 [WARN] PackLoader:240 - Cannot read IP mode file for STMicroelectronics.X-CUBE-IPS.3.1.0
2025-05-07 05:58:32,347 [WARN] PackLoader:240 - Cannot read IP mode file for STMicroelectronics.X-CUBE-ALS.1.0.2
2025-05-07 05:58:32,352 [WARN] PackLoader:240 - Cannot read IP mode file for portGmbH.I-Cube-SoM-uGOAL.1.1.0
2025-05-07 05:58:32,361 [WARN] PackLoader:240 - Cannot read IP mode file for STMicroelectronics.X-CUBE-AZRTOS-H7RS.1.0.0
2025-05-07 05:58:32,369 [WARN] PackLoader:240 - Cannot read IP mode file for STMicroelectronics.X-CUBE-TOF1.3.4.2
2025-05-07 05:58:32,373 [INFO] WebApp:225 - Starting web application
2025-05-07 05:58:32,373 [INFO] WebApp:593 - Web application path used C:\ST\STM32CubeIDE_1.18.1\STM32CubeIDE\plugins\com.st.stm32cube.common.mx_6.14.1.202504091515\db\plugins\mcufinder\reactClient1\index.html
2025-05-07 05:58:32,382 [WARN] PackLoader:240 - Cannot read IP mode file for STMicroelectronics.X-CUBE-TOF1.3.4.3
2025-05-07 05:58:32,389 [INFO] ThirdParty:978 - Integrity check success = true
2025-05-07 05:58:32,389 [INFO] IntegrityCheckThread:100 - exiting critical section [integrity check]
2025-05-07 05:58:32,389 [INFO] IntegrityCheckThread:103 - End integrity checks thread
2025-05-07 05:58:32,506 [INFO] UserAuth:484 - Internet connection configuration mode: 1
2025-05-07 05:58:32,549 [INFO] WebApp:191 - Connection restablished
2025-05-07 05:59:31,479 [ERROR] LogOutputStream:75 - [STDERR_REDIRECT] 
2025-05-07 05:59:37,367 [INFO] Activator:176 - 


2025-05-07 05:59:37,368 [INFO] Activator:177 - !SESSION log4j initialized
2025-05-07 05:59:39,303 [INFO] LogOutputStream:77 - [STDOUT_REDIRECT] 
2025-05-07 05:59:40,978 [INFO] ApplicationProperties:184 - Using Application install path: C:\ST\STM32CubeIDE_1.18.1\STM32CubeIDE\plugins\com.st.stm32cube.common.mx_6.14.1.202504091515
2025-05-07 05:59:40,988 [INFO] DbMcusXml:78 - Set database path to: C:\ST\STM32CubeIDE_1.18.1\STM32CubeIDE\plugins\com.st.stm32cube.common.mx_6.14.1.202504091515\\db\/mcu/
2025-05-07 05:59:40,988 [INFO] ApiDb:274 - Set plugin database path to: C:\ST\STM32CubeIDE_1.18.1\STM32CubeIDE\plugins\com.st.stm32cube.common.mx_6.14.1.202504091515\\db\/plugins/boardmanager/
2025-05-07 05:59:40,989 [WARN] ApiDb:259 - Overriding images path with different value:  => C:\ST\STM32CubeIDE_1.18.1\STM32CubeIDE\plugins\com.st.stm32cube.common.mx_6.14.1.202504091515\\db\/plugins/mcufinder/images/
2025-05-07 05:59:40,991 [INFO] ApiDb:250 - Set database path to: C:\Users\Adriano\.stmcufinder\plugins\mcufinder//mcu/
2025-05-07 05:59:40,992 [INFO] DbMcusAds:125 - Set database path to: C:\Users\Adriano\.stmcufinder\plugins\mcufinder//mcu/
2025-05-07 05:59:40,993 [INFO] CrossReferenceDbSqlite:203 - Set database path to: C:\Users\Adriano\.stmcufinder\plugins\mcufinder//mcu/cs/
2025-05-07 05:59:41,076 [INFO] RulesReader:64 - Compatibility file has been processed (302 Rules)
2025-05-07 05:59:41,128 [INFO] DbMcusXml:78 - Set database path to: C:\ST\STM32CubeIDE_1.18.1\STM32CubeIDE\plugins\com.st.stm32cube.common.mx_6.14.1.202504091515\\db\/mcu/
2025-05-07 05:59:41,128 [INFO] ApiDb:274 - Set plugin database path to: C:\ST\STM32CubeIDE_1.18.1\STM32CubeIDE\plugins\com.st.stm32cube.common.mx_6.14.1.202504091515\\db\/plugins/boardmanager/
2025-05-07 05:59:41,128 [INFO] ApiDb:261 - Set plugin images path to: C:\ST\STM32CubeIDE_1.18.1\STM32CubeIDE\plugins\com.st.stm32cube.common.mx_6.14.1.202504091515\\db\/plugins/mcufinder/images/
2025-05-07 05:59:41,128 [WARN] DbFile:41 - Overriding database path with different value: C:\Users\Adriano\.stmcufinder\plugins\mcufinder/ => C:\Users\Adriano\.stmcufinder\plugins\mcufinder
2025-05-07 05:59:41,128 [INFO] ApiDb:250 - Set database path to: C:\Users\Adriano\.stmcufinder\plugins\mcufinder//mcu/
2025-05-07 05:59:41,128 [WARN] DbFile:41 - Overriding database path with different value: C:\Users\Adriano\.stmcufinder\plugins\mcufinder/ => C:\Users\Adriano\.stmcufinder\plugins\mcufinder
2025-05-07 05:59:41,128 [INFO] DbMcusAds:125 - Set database path to: C:\Users\Adriano\.stmcufinder\plugins\mcufinder//mcu/
2025-05-07 05:59:41,128 [WARN] DbFile:41 - Overriding database path with different value: C:\Users\Adriano\.stmcufinder\plugins\mcufinder/ => C:\Users\Adriano\.stmcufinder\plugins\mcufinder
2025-05-07 05:59:41,129 [WARN] DbFile:41 - Overriding database path with different value: C:\Users\Adriano\.stmcufinder\plugins\mcufinder/ => C:\Users\Adriano\.stmcufinder\plugins\mcufinder
2025-05-07 05:59:41,129 [INFO] CrossReferenceDbSqlite:203 - Set database path to: C:\Users\Adriano\.stmcufinder\plugins\mcufinder//mcu/cs/
2025-05-07 05:59:41,175 [INFO] MainPanel:272 - HeapMemory: 268435456
2025-05-07 05:59:41,231 [INFO] DbMcusXml:78 - Set database path to: C:\ST\STM32CubeIDE_1.18.1\STM32CubeIDE\plugins\com.st.stm32cube.common.mx_6.14.1.202504091515\\db\/mcu/
2025-05-07 05:59:41,231 [INFO] ApiDb:274 - Set plugin database path to: C:\ST\STM32CubeIDE_1.18.1\STM32CubeIDE\plugins\com.st.stm32cube.common.mx_6.14.1.202504091515\\db\/plugins/boardmanager/
2025-05-07 05:59:41,231 [INFO] ApiDb:261 - Set plugin images path to: C:\ST\STM32CubeIDE_1.18.1\STM32CubeIDE\plugins\com.st.stm32cube.common.mx_6.14.1.202504091515\\db\/plugins/mcufinder/images/
2025-05-07 05:59:41,231 [WARN] DbFile:41 - Overriding database path with different value: C:\Users\Adriano\.stmcufinder\plugins\mcufinder/ => C:\Users\Adriano\.stmcufinder\plugins\mcufinder
2025-05-07 05:59:41,231 [INFO] ApiDb:250 - Set database path to: C:\Users\Adriano\.stmcufinder\plugins\mcufinder//mcu/
2025-05-07 05:59:41,231 [WARN] DbFile:41 - Overriding database path with different value: C:\Users\Adriano\.stmcufinder\plugins\mcufinder/ => C:\Users\Adriano\.stmcufinder\plugins\mcufinder
2025-05-07 05:59:41,231 [INFO] DbMcusAds:125 - Set database path to: C:\Users\Adriano\.stmcufinder\plugins\mcufinder//mcu/
2025-05-07 05:59:41,231 [WARN] DbFile:41 - Overriding database path with different value: C:\Users\Adriano\.stmcufinder\plugins\mcufinder/ => C:\Users\Adriano\.stmcufinder\plugins\mcufinder
2025-05-07 05:59:41,231 [WARN] DbFile:41 - Overriding database path with different value: C:\Users\Adriano\.stmcufinder\plugins\mcufinder/ => C:\Users\Adriano\.stmcufinder\plugins\mcufinder
2025-05-07 05:59:41,231 [INFO] CrossReferenceDbSqlite:203 - Set database path to: C:\Users\Adriano\.stmcufinder\plugins\mcufinder//mcu/cs/
2025-05-07 05:59:41,242 [INFO] ApplicationProperties:184 - Using Application install path: C:\ST\STM32CubeIDE_1.18.1\STM32CubeIDE\plugins\com.st.stm32cube.common.mx_6.14.1.202504091515
2025-05-07 05:59:41,243 [INFO] PluginManage:196 - Search for loadable plugins [exclusion list=, ]
2025-05-07 05:59:41,244 [INFO] PluginManage:310 - Check plugin analytics
2025-05-07 05:59:41,371 [INFO] AnalyticsPlugin:253 - Accepted Software Licenses: 
2025-05-07 05:59:41,371 [INFO] AnalyticsPlugin:255 - Accepted CMSIS Pack Licenses: 
2025-05-07 05:59:41,371 [INFO] AnalyticsPlugin:257 - Accepted Firmware Licenses: FW.F4.1.28.0,FW.L4.1.18.0
2025-05-07 05:59:41,373 [INFO] PluginManage:359 - Loaded plugin analytics (category:tool,tabindex:-1)
2025-05-07 05:59:41,373 [INFO] PluginManage:310 - Check plugin cadmodel
2025-05-07 05:59:41,376 [INFO] CADModel:105 - Init CAD model plugin
2025-05-07 05:59:41,376 [INFO] PluginManage:359 - Loaded plugin cadmodel (category:power,tabindex:5)
2025-05-07 05:59:41,376 [INFO] PluginManage:310 - Check plugin clock
2025-05-07 05:59:41,382 [INFO] PluginManage:359 - Loaded plugin clock (category:base,tabindex:2)
2025-05-07 05:59:41,382 [INFO] PluginManage:310 - Check plugin ddr
2025-05-07 05:59:41,383 [INFO] PluginManage:359 - Loaded plugin ddr (category:tool,tabindex:6)
2025-05-07 05:59:41,383 [INFO] PluginManage:310 - Check plugin filemanager
2025-05-07 05:59:41,515 [INFO] PluginManage:359 - Loaded plugin filemanager (category:base,tabindex:10)
2025-05-07 05:59:41,515 [INFO] PluginManage:310 - Check plugin ipmanager
2025-05-07 05:59:41,521 [INFO] PluginManage:359 - Loaded plugin ipmanager (category:base,tabindex:5)
2025-05-07 05:59:41,521 [INFO] PluginManage:310 - Check plugin lpbam
2025-05-07 05:59:41,526 [INFO] PluginManage:359 - Loaded plugin lpbam (category:base,tabindex:0)
2025-05-07 05:59:41,526 [INFO] PluginManage:310 - Check plugin memorymap
2025-05-07 05:59:41,535 [INFO] PluginManage:359 - Loaded plugin memorymap (category:base,tabindex:4)
2025-05-07 05:59:41,535 [INFO] PluginManage:310 - Check plugin pinoutandconfiguration
2025-05-07 05:59:41,540 [INFO] PluginManage:359 - Loaded plugin pinoutandconfiguration (category:base,tabindex:1)
2025-05-07 05:59:41,540 [INFO] PluginManage:310 - Check plugin pinoutconfig
2025-05-07 05:59:41,597 [WARN] SupportedApi:132 - Cannot load RTOS API schema: s4s-elt-must-match.1: The content of 'definitions' must match (annotation?, (simpleType | complexType)?, (unique | key | keyref)*)). A problem was found starting at: attribute.
2025-05-07 05:59:41,690 [INFO] PluginManage:359 - Loaded plugin pinoutconfig (category:base,tabindex:0)
2025-05-07 05:59:41,690 [INFO] PluginManage:310 - Check plugin power
2025-05-07 05:59:41,696 [INFO] PluginManage:359 - Loaded plugin power (category:power,tabindex:4)
2025-05-07 05:59:41,696 [INFO] PluginManage:310 - Check plugin projectmanager
2025-05-07 05:59:41,707 [INFO] PluginManage:359 - Loaded plugin projectmanager (category:projectmanager,tabindex:4)
2025-05-07 05:59:41,707 [INFO] PluginManage:310 - Check plugin rif
2025-05-07 05:59:41,710 [INFO] PluginManage:359 - Loaded plugin rif (category:base,tabindex:3)
2025-05-07 05:59:41,712 [INFO] PluginManage:310 - Check plugin thirdparty
2025-05-07 05:59:41,801 [WARN] IntegrityCheckThread:84 - waiting for thirdparty lock release [integrity check]
2025-05-07 05:59:41,801 [INFO] PluginManage:359 - Loaded plugin thirdparty (category:base,tabindex:-1)
2025-05-07 05:59:41,803 [INFO] IntegrityCheckThread:86 - entering critical section [integrity check]
2025-05-07 05:59:41,803 [INFO] PluginManage:310 - Check plugin tools
2025-05-07 05:59:41,803 [INFO] ThirdPartyUpdaterWithRetryManager:70 - Updater plugin not ready yet. [1/15]
2025-05-07 05:59:41,804 [INFO] PluginManage:359 - Loaded plugin tools (category:base,tabindex:7)
2025-05-07 05:59:41,805 [INFO] PluginManage:310 - Check plugin tutovideos
2025-05-07 05:59:41,911 [INFO] PluginManage:359 - Loaded plugin tutovideos (category:base,tabindex:-1)
2025-05-07 05:59:41,911 [INFO] PluginManage:310 - Check plugin updater
2025-05-07 05:59:41,925 [INFO] PluginManage:359 - Loaded plugin updater (category:base,tabindex:12)
2025-05-07 05:59:41,925 [INFO] PluginManage:310 - Check plugin userauth
2025-05-07 05:59:41,928 [INFO] UserAuth:118 - Init User Auth plugin
2025-05-07 05:59:41,930 [INFO] PluginManage:359 - Loaded plugin userauth (category:base,tabindex:14)
2025-05-07 05:59:41,930 [INFO] PluginManage:283 - PluginManage : Loaded plugins [18]
2025-05-07 05:59:42,060 [INFO] PinOutPanel:1589 - setPackage(No Configuration,No Configuration)
2025-05-07 05:59:42,115 [INFO] CADModel:165 - CPN selected for project level
2025-05-07 05:59:42,116 [INFO] CADModel:114 - Register for checkConnection events
2025-05-07 05:59:42,125 [INFO] IPUIPlugin:80 - create IPUIPlugin
2025-05-07 05:59:42,125 [INFO] PluginManager:220 - loadIPPluginJar : add adc
2025-05-07 05:59:42,126 [INFO] IPUIPlugin:80 - create IPUIPlugin
2025-05-07 05:59:42,126 [INFO] PluginManager:220 - loadIPPluginJar : add aes
2025-05-07 05:59:42,128 [INFO] IPUIPlugin:80 - create IPUIPlugin
2025-05-07 05:59:42,128 [INFO] PluginManager:220 - loadIPPluginJar : add can
2025-05-07 05:59:42,128 [INFO] IPUIPlugin:80 - create IPUIPlugin
2025-05-07 05:59:42,129 [INFO] PluginManager:220 - loadIPPluginJar : add comp
2025-05-07 05:59:42,131 [INFO] IPUIPlugin:80 - create IPUIPlugin
2025-05-07 05:59:42,131 [INFO] PluginManager:220 - loadIPPluginJar : add cryp
2025-05-07 05:59:42,132 [INFO] IPUIPlugin:80 - create IPUIPlugin
2025-05-07 05:59:42,132 [INFO] PluginManager:220 - loadIPPluginJar : add ddr_ctrl_phy
2025-05-07 05:59:42,133 [INFO] IPUIPlugin:80 - create IPUIPlugin
2025-05-07 05:59:42,133 [INFO] PluginManager:220 - loadIPPluginJar : add dfsdm
2025-05-07 05:59:42,137 [INFO] IPUIPlugin:80 - create IPUIPlugin
2025-05-07 05:59:42,137 [INFO] PluginManager:220 - loadIPPluginJar : add dma
2025-05-07 05:59:42,138 [INFO] IPUIPlugin:80 - create IPUIPlugin
2025-05-07 05:59:42,138 [INFO] PluginManager:220 - loadIPPluginJar : add dma3
2025-05-07 05:59:42,139 [INFO] IPUIPlugin:80 - create IPUIPlugin
2025-05-07 05:59:42,140 [INFO] PluginManager:220 - loadIPPluginJar : add extmemmanager
2025-05-07 05:59:42,140 [INFO] IPUIPlugin:80 - create IPUIPlugin
2025-05-07 05:59:42,140 [INFO] PluginManager:220 - loadIPPluginJar : add fatfs
2025-05-07 05:59:42,143 [INFO] IPUIPlugin:80 - create IPUIPlugin
2025-05-07 05:59:42,143 [INFO] PluginManager:220 - loadIPPluginJar : add fmc
2025-05-07 05:59:42,146 [INFO] IPUIPlugin:80 - create IPUIPlugin
2025-05-07 05:59:42,146 [INFO] PluginManager:220 - loadIPPluginJar : add freertos
2025-05-07 05:59:42,147 [INFO] IPUIPlugin:80 - create IPUIPlugin
2025-05-07 05:59:42,147 [INFO] PluginManager:220 - loadIPPluginJar : add genericplugin
2025-05-07 05:59:42,148 [INFO] IPUIPlugin:80 - create IPUIPlugin
2025-05-07 05:59:42,148 [INFO] PluginManager:220 - loadIPPluginJar : add gfxmmu
2025-05-07 05:59:42,150 [INFO] IPUIPlugin:80 - create IPUIPlugin
2025-05-07 05:59:42,150 [INFO] PluginManager:220 - loadIPPluginJar : add gic
2025-05-07 05:59:42,153 [INFO] IPUIPlugin:80 - create IPUIPlugin
2025-05-07 05:59:42,153 [INFO] PluginManager:220 - loadIPPluginJar : add gpio
2025-05-07 05:59:42,154 [INFO] IPUIPlugin:80 - create IPUIPlugin
2025-05-07 05:59:42,154 [INFO] PluginManager:220 - loadIPPluginJar : add gtzc
2025-05-07 05:59:42,155 [INFO] IPUIPlugin:80 - create IPUIPlugin
2025-05-07 05:59:42,155 [INFO] PluginManager:220 - loadIPPluginJar : add hash
2025-05-07 05:59:42,156 [INFO] IPUIPlugin:80 - create IPUIPlugin
2025-05-07 05:59:42,156 [INFO] PluginManager:220 - loadIPPluginJar : add i2c
2025-05-07 05:59:42,158 [INFO] IPUIPlugin:80 - create IPUIPlugin
2025-05-07 05:59:42,158 [INFO] PluginManager:220 - loadIPPluginJar : add i2s
2025-05-07 05:59:42,159 [INFO] IPUIPlugin:80 - create IPUIPlugin
2025-05-07 05:59:42,159 [INFO] PluginManager:220 - loadIPPluginJar : add i3c
2025-05-07 05:59:42,161 [INFO] IPUIPlugin:80 - create IPUIPlugin
2025-05-07 05:59:42,161 [INFO] PluginManager:220 - loadIPPluginJar : add ipddr
2025-05-07 05:59:42,165 [INFO] IPUIPlugin:80 - create IPUIPlugin
2025-05-07 05:59:42,165 [INFO] PluginManager:220 - loadIPPluginJar : add linkedlist
2025-05-07 05:59:42,166 [INFO] IPUIPlugin:80 - create IPUIPlugin
2025-05-07 05:59:42,166 [INFO] PluginManager:220 - loadIPPluginJar : add lorawan
2025-05-07 05:59:42,167 [INFO] IPUIPlugin:80 - create IPUIPlugin
2025-05-07 05:59:42,167 [INFO] PluginManager:220 - loadIPPluginJar : add ltdc
2025-05-07 05:59:42,170 [INFO] IPUIPlugin:80 - create IPUIPlugin
2025-05-07 05:59:42,170 [INFO] PluginManager:220 - loadIPPluginJar : add mdma
2025-05-07 05:59:42,172 [INFO] IPUIPlugin:80 - create IPUIPlugin
2025-05-07 05:59:42,173 [INFO] PluginManager:220 - loadIPPluginJar : add nvic
2025-05-07 05:59:42,174 [INFO] IPUIPlugin:80 - create IPUIPlugin
2025-05-07 05:59:42,174 [INFO] PluginManager:220 - loadIPPluginJar : add opamp
2025-05-07 05:59:42,175 [INFO] IPUIPlugin:80 - create IPUIPlugin
2025-05-07 05:59:42,175 [INFO] PluginManager:220 - loadIPPluginJar : add openamp
2025-05-07 05:59:42,178 [INFO] IPUIPlugin:80 - create IPUIPlugin
2025-05-07 05:59:42,178 [INFO] PluginManager:220 - loadIPPluginJar : add pdm2pcm
2025-05-07 05:59:42,181 [INFO] IPUIPlugin:80 - create IPUIPlugin
2025-05-07 05:59:42,183 [INFO] PluginManager:220 - loadIPPluginJar : add plateformsettings
2025-05-07 05:59:42,184 [INFO] IPUIPlugin:80 - create IPUIPlugin
2025-05-07 05:59:42,184 [INFO] PluginManager:220 - loadIPPluginJar : add quadspi
2025-05-07 05:59:42,186 [INFO] IPUIPlugin:80 - create IPUIPlugin
2025-05-07 05:59:42,187 [INFO] PluginManager:220 - loadIPPluginJar : add radio
2025-05-07 05:59:42,188 [INFO] IPUIPlugin:80 - create IPUIPlugin
2025-05-07 05:59:42,188 [INFO] PluginManager:220 - loadIPPluginJar : add resmgrutility
2025-05-07 05:59:42,191 [INFO] IPUIPlugin:80 - create IPUIPlugin
2025-05-07 05:59:42,191 [INFO] PluginManager:220 - loadIPPluginJar : add sai
2025-05-07 05:59:42,192 [INFO] IPUIPlugin:80 - create IPUIPlugin
2025-05-07 05:59:42,192 [INFO] PluginManager:220 - loadIPPluginJar : add spi
2025-05-07 05:59:42,195 [INFO] IPUIPlugin:80 - create IPUIPlugin
2025-05-07 05:59:42,196 [INFO] PluginManager:220 - loadIPPluginJar : add stm32_wpan
2025-05-07 05:59:42,197 [INFO] IPUIPlugin:80 - create IPUIPlugin
2025-05-07 05:59:42,197 [INFO] PluginManager:220 - loadIPPluginJar : add tim
2025-05-07 05:59:42,198 [INFO] IPUIPlugin:80 - create IPUIPlugin
2025-05-07 05:59:42,199 [INFO] PluginManager:220 - loadIPPluginJar : add touchsensing
2025-05-07 05:59:42,201 [INFO] IPUIPlugin:80 - create IPUIPlugin
2025-05-07 05:59:42,201 [INFO] PluginManager:220 - loadIPPluginJar : add tracer_emb
2025-05-07 05:59:42,202 [INFO] IPUIPlugin:80 - create IPUIPlugin
2025-05-07 05:59:42,202 [INFO] PluginManager:220 - loadIPPluginJar : add ts
2025-05-07 05:59:42,203 [INFO] IPUIPlugin:80 - create IPUIPlugin
2025-05-07 05:59:42,203 [INFO] PluginManager:220 - loadIPPluginJar : add tsc
2025-05-07 05:59:42,204 [INFO] IPUIPlugin:80 - create IPUIPlugin
2025-05-07 05:59:42,204 [INFO] PluginManager:220 - loadIPPluginJar : add ucpd
2025-05-07 05:59:42,206 [INFO] IPUIPlugin:80 - create IPUIPlugin
2025-05-07 05:59:42,206 [INFO] PluginManager:220 - loadIPPluginJar : add usart
2025-05-07 05:59:42,208 [INFO] IPUIPlugin:80 - create IPUIPlugin
2025-05-07 05:59:42,208 [INFO] PluginManager:220 - loadIPPluginJar : add usbx
2025-05-07 05:59:42,315 [FATAL] Updater:351 - Updater called before beeing initialized
2025-05-07 05:59:42,339 [INFO] RulesReader:64 - Compatibility file has been processed (302 Rules)
2025-05-07 05:59:42,347 [INFO] RulesReader:64 - Compatibility file has been processed (302 Rules)
2025-05-07 05:59:42,352 [INFO] CADModel:165 - CPN selected for project level
2025-05-07 05:59:42,352 [INFO] CADModel:114 - Register for checkConnection events
2025-05-07 05:59:42,352 [FATAL] Updater:351 - Updater called before beeing initialized
2025-05-07 05:59:42,353 [ERROR] CADModel:125 - Updater not yet initialized, retry later 
2025-05-07 05:59:42,436 [FATAL] Updater:351 - Updater called before beeing initialized
2025-05-07 05:59:42,437 [INFO] CADModel:165 - CPN selected for project level
2025-05-07 05:59:42,437 [INFO] CADModel:114 - Register for checkConnection events
2025-05-07 05:59:42,437 [FATAL] Updater:351 - Updater called before beeing initialized
2025-05-07 05:59:42,437 [ERROR] CADModel:125 - Updater not yet initialized, retry later 
2025-05-07 05:59:42,439 [FATAL] Updater:351 - Updater called before beeing initialized
2025-05-07 05:59:42,510 [FATAL] Updater:351 - Updater called before beeing initialized
2025-05-07 05:59:42,512 [INFO] DbMcusAds:53 - JSON generation date=Thu Mar 06 11:54:22 BRT 2025 (1741272862204)
2025-05-07 05:59:42,512 [FATAL] Updater:351 - Updater called before beeing initialized
2025-05-07 05:59:42,539 [WARN] DetailPanel:346 - Failed to get advertising image, set to default
2025-05-07 05:59:42,753 [FATAL] Updater:351 - Updater called before beeing initialized
2025-05-07 05:59:42,754 [FATAL] Updater:351 - Updater called before beeing initialized
2025-05-07 05:59:42,754 [FATAL] Updater:351 - Updater called before beeing initialized
2025-05-07 05:59:42,754 [WARN] DetailPanel:346 - Failed to get advertising image, set to default
2025-05-07 05:59:42,754 [FATAL] Updater:351 - Updater called before beeing initialized
2025-05-07 05:59:42,786 [ERROR] Updater:1198 - MainUpdater not yet initialized. External WinMGr cannot be set.
2025-05-07 05:59:42,787 [INFO] Updater:1134 - Updater Version found : 6.14.1
2025-05-07 05:59:42,798 [INFO] ApplicationProperties:184 - Using Application install path: C:\ST\STM32CubeIDE_1.18.1\STM32CubeIDE\plugins\com.st.stm32cube.common.mx_6.14.1.202504091515
2025-05-07 05:59:43,056 [INFO] MainUpdater:2872 - connection check result : 10
2025-05-07 05:59:43,056 [INFO] MainUpdater:289 - Updater Check For Update Now.
2025-05-07 05:59:43,056 [INFO] MicroXplorer:498 - Change Database Version : DB.6.0.141
2025-05-07 05:59:43,061 [INFO] McuFinderGlobals:63 - Set McuFinder mode to 2 (CubeIDE integrated)
2025-05-07 05:59:43,061 [INFO] UserAuth:484 - Internet connection configuration mode: 1
2025-05-07 05:59:43,073 [INFO] JxBrowserEngine:152 - Initiate JxBrowser Engine with user profile folder
2025-05-07 05:59:43,222 [INFO] CheckServerUpdateThread:120 - End of CheckServer Thread
2025-05-07 05:59:43,474 [INFO] WebApp:169 - Instantiating new browser for Auth
2025-05-07 05:59:43,913 [INFO] WebApp:463 - Apply proxy settings
2025-05-07 05:59:43,913 [INFO] WebApp:548 - Chromium requires no authentication
2025-05-07 05:59:43,918 [INFO] WebApp:491 - Direct internet connection detected
2025-05-07 05:59:43,931 [INFO] WebApp:894 - Register for checkConnection events
2025-05-07 05:59:43,931 [INFO] WebApp:463 - Apply proxy settings
2025-05-07 05:59:43,931 [INFO] WebApp:548 - Chromium requires no authentication
2025-05-07 05:59:43,931 [INFO] WebApp:491 - Direct internet connection detected
2025-05-07 05:59:44,027 [INFO] WebApp:225 - Starting web application
2025-05-07 05:59:44,027 [INFO] WebApp:593 - Web application path used C:\ST\STM32CubeIDE_1.18.1\STM32CubeIDE\plugins\com.st.stm32cube.common.mx_6.14.1.202504091515\db\plugins\mcufinder\reactClient1\index.html
2025-05-07 05:59:44,084 [INFO] UserAuth:484 - Internet connection configuration mode: 1
2025-05-07 05:59:44,267 [INFO] WebApp:191 - Connection restablished
2025-05-07 05:59:44,956 [WARN] PackLoader:240 - Cannot read IP mode file for STMicroelectronics.FP-SNS-MOTENVWB1.1.4.0
2025-05-07 05:59:44,963 [WARN] PackLoader:240 - Cannot read IP mode file for STMicroelectronics.FP-ATR-ASTRA1.2.0.2
2025-05-07 05:59:44,965 [WARN] PackLoader:240 - Cannot read IP mode file for STMicroelectronics.FP-ATR-ASTRA1.2.0.1
2025-05-07 05:59:44,971 [WARN] PackLoader:240 - Cannot read IP mode file for STMicroelectronics.X-CUBE-SMBUS.2.1.0
2025-05-07 05:59:44,978 [WARN] PackLoader:240 - Cannot read IP mode file for STMicroelectronics.X-CUBE-WB05N.1.1.0
2025-05-07 05:59:45,005 [WARN] PackLoader:240 - Cannot read IP mode file for STMicroelectronics.X-CUBE-AZRTOS-F7.1.1.0
2025-05-07 05:59:45,011 [WARN] PackLoader:240 - Cannot read IP mode file for STMicroelectronics.FP-SNS-FLIGHT1.5.0.2
2025-05-07 05:59:45,033 [WARN] PackLoader:240 - Cannot read IP mode file for Infineon.AIROC-Wi-Fi-Bluetooth-STM32.1.7.0
2025-05-07 05:59:45,044 [WARN] PackLoader:240 - Cannot read IP mode file for STMicroelectronics.X-CUBE-DISPLAY.3.0.0
2025-05-07 05:59:45,050 [WARN] PackLoader:240 - Cannot read IP mode file for STMicroelectronics.X-CUBE-BLE1.7.0.0
2025-05-07 05:59:45,056 [WARN] PackLoader:240 - Cannot read IP mode file for STMicroelectronics.X-CUBE-NFC10.1.0.0
2025-05-07 05:59:45,065 [WARN] PackLoader:240 - Cannot read IP mode file for STMicroelectronics.X-CUBE-BLEMGR.4.0.0
2025-05-07 05:59:45,071 [WARN] PackLoader:240 - Cannot read IP mode file for emotas.I-CUBE-CANOPEN.1.3.0
2025-05-07 05:59:45,074 [WARN] ConditionMgr:438 - getConditionDescription Invalid condition id : Cortex-A Device cause : null
2025-05-07 05:59:45,082 [WARN] ConditionMgr:1044 - genDependencies : Invalid condition id : Cortex-A Device cause : null
2025-05-07 05:59:45,082 [WARN] ConditionMgr:1044 - genDependencies : Invalid condition id : Cortex-A Device cause : null
2025-05-07 05:59:45,082 [WARN] ConditionMgr:1044 - genDependencies : Invalid condition id : Cortex-A Device cause : null
2025-05-07 05:59:45,086 [WARN] PackLoader:240 - Cannot read IP mode file for STMicroelectronics.FP-SNS-SMARTAG2.1.2.0
2025-05-07 05:59:45,088 [WARN] PackLoader:240 - Cannot read IP mode file for STMicroelectronics.FP-SNS-FLIGHT1.5.1.0
2025-05-07 05:59:45,131 [WARN] PackLoader:240 - Cannot read IP mode file for STMicroelectronics.X-CUBE-MEMS1.11.1.0
2025-05-07 05:59:45,226 [INFO] LogOutputStream:77 - [STDOUT_REDIRECT] 1 : Invalid condition id : UX_CORESTACK_Condition cause : null
2025-05-07 05:59:45,226 [INFO] LogOutputStream:77 - [STDOUT_REDIRECT] 1 : Invalid condition id : UX_CORESTACK_Condition cause : null
2025-05-07 05:59:45,228 [INFO] LogOutputStream:77 - [STDOUT_REDIRECT] 1 : Invalid condition id : UX_CORESTACK_Condition cause : null
2025-05-07 05:59:45,229 [INFO] LogOutputStream:77 - [STDOUT_REDIRECT] 1 : Invalid condition id : UX_CORESTACK_Condition cause : null
2025-05-07 05:59:45,230 [INFO] LogOutputStream:77 - [STDOUT_REDIRECT] 1 : Invalid condition id : UX_CORESTACK_Condition cause : null
2025-05-07 05:59:45,231 [WARN] PackLoader:240 - Cannot read IP mode file for STMicroelectronics.X-CUBE-AZRTOS-WL.2.0.0
2025-05-07 05:59:45,235 [WARN] PackLoader:240 - Cannot read IP mode file for STMicroelectronics.FP-SNS-MOTENV1.5.0.0
2025-05-07 05:59:45,240 [WARN] PackLoader:240 - Cannot read IP mode file for WES.I-CUBE-Cesium.1.3.0
2025-05-07 05:59:45,243 [WARN] PackLoader:240 - Cannot read IP mode file for STMicroelectronics.X-CUBE-BLE2.3.3.0
2025-05-07 05:59:45,247 [WARN] PackLoader:240 - Cannot read IP mode file for STMicroelectronics.X-CUBE-NFC9.1.0.0
2025-05-07 05:59:45,251 [WARN] PackLoader:240 - Cannot read IP mode file for STMicroelectronics.X-CUBE-BLE1.7.1.0
2025-05-07 05:59:45,253 [WARN] PackLoader:240 - Cannot read IP mode file for wolfSSL.I-CUBE-wolfMQTT.1.19.2
2025-05-07 05:59:45,290 [WARN] PackLoader:240 - Cannot read IP mode file for STMicroelectronics.X-CUBE-MEMS1.11.2.0
2025-05-07 05:59:45,400 [WARN] PackLoader:240 - Cannot read IP mode file for STMicroelectronics.X-CUBE-AZRTOS-G0.1.1.0
2025-05-07 05:59:45,405 [WARN] PackLoader:240 - Cannot read IP mode file for STMicroelectronics.X-CUBE-SAFEA1.1.2.2
2025-05-07 05:59:45,409 [WARN] PackLoader:240 - Cannot read IP mode file for STMicroelectronics.X-CUBE-NFC4.3.0.0
2025-05-07 05:59:45,413 [WARN] PackLoader:240 - Cannot read IP mode file for EmbeddedOffice.I-CUBE-FS-RTOS.1.0.1
2025-05-07 05:59:45,417 [WARN] PackLoader:240 - Cannot read IP mode file for STMicroelectronics.X-CUBE-WB05N.2.0.0
2025-05-07 05:59:45,420 [WARN] PackLoader:240 - Cannot read IP mode file for wolfSSL.I-CUBE-wolfTPM.3.8.0
2025-05-07 05:59:45,423 [WARN] PackLoader:240 - Cannot read IP mode file for STMicroelectronics.X-CUBE-TCPP.4.2.0
2025-05-07 05:59:45,427 [WARN] PackLoader:240 - Cannot read IP mode file for RealThread.X-CUBE-RT-Thread_Nano.4.1.1
2025-05-07 05:59:45,429 [WARN] PackLoader:240 - Cannot read IP mode file for STMicroelectronics.FP-ATR-SIGFOX1.3.2.0
2025-05-07 05:59:45,434 [WARN] PackLoader:240 - Cannot read IP mode file for STMicroelectronics.X-CUBE-EEPRMA1.5.1.0
2025-05-07 05:59:45,437 [WARN] PackLoader:240 - Cannot read IP mode file for wolfSSL.I-CUBE-wolfSSL.5.7.6
2025-05-07 05:59:45,440 [WARN] PackLoader:240 - Cannot read IP mode file for ITTIA_DB.I-CUBE-ITTIADB.8.9.0
2025-05-07 05:59:45,456 [WARN] PackLoader:240 - Cannot read IP mode file for SEGGER.I-CUBE-embOS.1.3.1
2025-05-07 05:59:45,486 [WARN] PackLoader:240 - Cannot read IP mode file for STMicroelectronics.X-CUBE-ALGOBUILD.1.4.0
2025-05-07 05:59:45,499 [WARN] PackLoader:240 - Cannot read IP mode file for STMicroelectronics.X-CUBE-AZRTOS-F4.1.1.0
2025-05-07 05:59:45,506 [WARN] PackLoader:240 - Cannot read IP mode file for Avnet-IotConnect.X-CUBE-IoTC-DA16k-PMOD.1.0.0
2025-05-07 05:59:45,511 [WARN] PackLoader:240 - Cannot read IP mode file for STMicroelectronics.X-CUBE-ISPU.2.1.0
2025-05-07 05:59:45,525 [WARN] PackLoader:240 - Cannot read IP mode file for STMicroelectronics.X-CUBE-AZRTOS-L5.2.0.0
2025-05-07 05:59:45,531 [WARN] PackLoader:240 - Cannot read IP mode file for STMicroelectronics.X-CUBE-NFC6.3.1.0
2025-05-07 05:59:45,536 [WARN] PackLoader:240 - Cannot read IP mode file for STMicroelectronics.X-CUBE-DPower.1.2.0
2025-05-07 05:59:45,539 [WARN] PackLoader:240 - Cannot read IP mode file for STMicroelectronics.X-CUBE-FREERTOS.1.3.0
2025-05-07 05:59:45,542 [WARN] PackLoader:240 - Cannot read IP mode file for STMicroelectronics.X-CUBE-NFC7.1.0.1
2025-05-07 05:59:45,545 [WARN] PackLoader:240 - Cannot read IP mode file for STMicroelectronics.X-CUBE-DPower.1.3.0
2025-05-07 05:59:45,555 [WARN] ConditionMgr:438 - getConditionDescription Invalid condition id : LAN8742 Phy interface Condition cause : null
2025-05-07 05:59:45,555 [WARN] PackLoader:240 - Cannot read IP mode file for STMicroelectronics.X-CUBE-AZRTOS-L4.2.0.0
2025-05-07 05:59:45,556 [WARN] ConditionMgr:1044 - genDependencies : Invalid condition id : LAN8742 Phy interface Condition cause : null
2025-05-07 05:59:45,556 [WARN] ConditionMgr:1044 - genDependencies : Invalid condition id : LAN8742 Phy interface Condition cause : null
2025-05-07 05:59:45,556 [WARN] ConditionMgr:1044 - genDependencies : Invalid condition id : LAN8742 Phy interface Condition cause : null
2025-05-07 05:59:45,560 [WARN] PackLoader:240 - Cannot read IP mode file for STMicroelectronics.X-CUBE-SFXS2LP1.4.0.0
2025-05-07 05:59:45,573 [WARN] PackLoader:240 - Cannot read IP mode file for STMicroelectronics.X-CUBE-AZRTOS-H7.3.3.0
2025-05-07 05:59:45,581 [WARN] ConditionMgr:438 - getConditionDescription Invalid condition id : UX DEVICE CLASS RTOS Condition cause : null
2025-05-07 05:59:45,582 [WARN] ConditionMgr:438 - getConditionDescription Invalid condition id : UX DEVICE CLASS RTOS Condition cause : null
2025-05-07 05:59:45,583 [WARN] PackLoader:240 - Cannot read IP mode file for STMicroelectronics.X-CUBE-AZRTOS-WB.2.0.0
2025-05-07 05:59:45,583 [WARN] ConditionMgr:1044 - genDependencies : Invalid condition id : UX DEVICE CLASS RTOS Condition cause : null
2025-05-07 05:59:45,583 [WARN] ConditionMgr:1044 - genDependencies : Invalid condition id : UX DEVICE CLASS RTOS Condition cause : null
2025-05-07 05:59:45,584 [WARN] ConditionMgr:1044 - genDependencies : Invalid condition id : UX DEVICE CLASS RTOS Condition cause : null
2025-05-07 05:59:45,584 [WARN] ConditionMgr:1044 - genDependencies : Invalid condition id : UX DEVICE CLASS RTOS Condition cause : null
2025-05-07 05:59:45,584 [WARN] ConditionMgr:1044 - genDependencies : Invalid condition id : UX DEVICE CLASS RTOS Condition cause : null
2025-05-07 05:59:45,587 [WARN] PackLoader:240 - Cannot read IP mode file for STMicroelectronics.X-CUBE-GNSS1.7.0.1
2025-05-07 05:59:45,592 [WARN] PackLoader:240 - Cannot read IP mode file for STMicroelectronics.X-CUBE-TOUCHGFX.4.25.0
2025-05-07 05:59:45,595 [WARN] PackLoader:240 - Cannot read IP mode file for STMicroelectronics.FP-SNS-STBOX1.2.0.0
2025-05-07 05:59:45,602 [WARN] PackLoader:240 - Cannot read IP mode file for STMicroelectronics.X-CUBE-SUBG2.5.0.0
2025-05-07 05:59:45,615 [WARN] PackLoader:240 - Cannot read IP mode file for STMicroelectronics.X-CUBE-AZRTOS-H7RS.1.1.0
2025-05-07 05:59:45,619 [WARN] PackLoader:240 - Cannot read IP mode file for Cesanta.I-CUBE-Mongoose.7.13.0
2025-05-07 05:59:45,627 [WARN] PackLoader:240 - Cannot read IP mode file for STMicroelectronics.X-CUBE-AZRTOS-G4.2.0.0
2025-05-07 05:59:45,631 [WARN] PackLoader:240 - Cannot read IP mode file for wolfSSL.I-CUBE-wolfSSH.1.4.20
2025-05-07 05:59:45,633 [WARN] PackLoader:240 - Cannot read IP mode file for STMicroelectronics.X-CUBE-NFC7.2.0.0
2025-05-07 05:59:45,645 [WARN] PackLoader:240 - Cannot read IP mode file for STMicroelectronics.X-CUBE-IPS.3.1.0
2025-05-07 05:59:45,651 [WARN] PackLoader:240 - Cannot read IP mode file for STMicroelectronics.X-CUBE-ALS.1.0.2
2025-05-07 05:59:45,655 [WARN] PackLoader:240 - Cannot read IP mode file for portGmbH.I-Cube-SoM-uGOAL.1.1.0
2025-05-07 05:59:45,665 [WARN] PackLoader:240 - Cannot read IP mode file for STMicroelectronics.X-CUBE-AZRTOS-H7RS.1.0.0
2025-05-07 05:59:45,672 [WARN] PackLoader:240 - Cannot read IP mode file for STMicroelectronics.X-CUBE-TOF1.3.4.2
2025-05-07 05:59:45,683 [WARN] PackLoader:240 - Cannot read IP mode file for STMicroelectronics.X-CUBE-TOF1.3.4.3
2025-05-07 05:59:45,689 [INFO] ThirdParty:978 - Integrity check success = true
2025-05-07 05:59:45,689 [INFO] IntegrityCheckThread:100 - exiting critical section [integrity check]
2025-05-07 05:59:45,689 [INFO] IntegrityCheckThread:103 - End integrity checks thread
2025-05-07 06:00:02,002 [ERROR] LogOutputStream:75 - [STDERR_REDIRECT] 
