2025-05-08 15:29:15,294 [INFO] Activator:176 - 


2025-05-08 15:29:15,297 [INFO] Activator:177 - !SESSION log4j initialized
2025-05-08 15:29:17,607 [INFO] LogOutputStream:77 - [STDOUT_REDIRECT] 
2025-05-08 15:29:19,374 [INFO] ApplicationProperties:184 - Using Application install path: C:\ST\STM32CubeIDE_1.18.1\STM32CubeIDE\plugins\com.st.stm32cube.common.mx_6.14.1.202504091515
2025-05-08 15:29:19,391 [INFO] DbMcusXml:78 - Set database path to: C:\ST\STM32CubeIDE_1.18.1\STM32CubeIDE\plugins\com.st.stm32cube.common.mx_6.14.1.202504091515\\db\/mcu/
2025-05-08 15:29:19,391 [INFO] ApiDb:274 - Set plugin database path to: C:\ST\STM32CubeIDE_1.18.1\STM32CubeIDE\plugins\com.st.stm32cube.common.mx_6.14.1.202504091515\\db\/plugins/boardmanager/
2025-05-08 15:29:19,405 [WARN] ApiDb:259 - Overriding images path with different value:  => C:\ST\STM32CubeIDE_1.18.1\STM32CubeIDE\plugins\com.st.stm32cube.common.mx_6.14.1.202504091515\\db\/plugins/mcufinder/images/
2025-05-08 15:29:19,416 [INFO] ApiDb:250 - Set database path to: C:\Users\Adriano\.stmcufinder\plugins\mcufinder//mcu/
2025-05-08 15:29:19,417 [INFO] DbMcusAds:125 - Set database path to: C:\Users\Adriano\.stmcufinder\plugins\mcufinder//mcu/
2025-05-08 15:29:19,419 [INFO] CrossReferenceDbSqlite:203 - Set database path to: C:\Users\Adriano\.stmcufinder\plugins\mcufinder//mcu/cs/
2025-05-08 15:29:19,515 [INFO] RulesReader:64 - Compatibility file has been processed (302 Rules)
2025-05-08 15:29:19,577 [INFO] DbMcusXml:78 - Set database path to: C:\ST\STM32CubeIDE_1.18.1\STM32CubeIDE\plugins\com.st.stm32cube.common.mx_6.14.1.202504091515\\db\/mcu/
2025-05-08 15:29:19,577 [INFO] ApiDb:274 - Set plugin database path to: C:\ST\STM32CubeIDE_1.18.1\STM32CubeIDE\plugins\com.st.stm32cube.common.mx_6.14.1.202504091515\\db\/plugins/boardmanager/
2025-05-08 15:29:19,577 [INFO] ApiDb:261 - Set plugin images path to: C:\ST\STM32CubeIDE_1.18.1\STM32CubeIDE\plugins\com.st.stm32cube.common.mx_6.14.1.202504091515\\db\/plugins/mcufinder/images/
2025-05-08 15:29:19,577 [WARN] DbFile:41 - Overriding database path with different value: C:\Users\Adriano\.stmcufinder\plugins\mcufinder/ => C:\Users\Adriano\.stmcufinder\plugins\mcufinder
2025-05-08 15:29:19,577 [INFO] ApiDb:250 - Set database path to: C:\Users\Adriano\.stmcufinder\plugins\mcufinder//mcu/
2025-05-08 15:29:19,577 [WARN] DbFile:41 - Overriding database path with different value: C:\Users\Adriano\.stmcufinder\plugins\mcufinder/ => C:\Users\Adriano\.stmcufinder\plugins\mcufinder
2025-05-08 15:29:19,577 [INFO] DbMcusAds:125 - Set database path to: C:\Users\Adriano\.stmcufinder\plugins\mcufinder//mcu/
2025-05-08 15:29:19,577 [WARN] DbFile:41 - Overriding database path with different value: C:\Users\Adriano\.stmcufinder\plugins\mcufinder/ => C:\Users\Adriano\.stmcufinder\plugins\mcufinder
2025-05-08 15:29:19,578 [WARN] DbFile:41 - Overriding database path with different value: C:\Users\Adriano\.stmcufinder\plugins\mcufinder/ => C:\Users\Adriano\.stmcufinder\plugins\mcufinder
2025-05-08 15:29:19,578 [INFO] CrossReferenceDbSqlite:203 - Set database path to: C:\Users\Adriano\.stmcufinder\plugins\mcufinder//mcu/cs/
2025-05-08 15:29:19,643 [INFO] MainPanel:272 - HeapMemory: 268435456
2025-05-08 15:29:19,739 [INFO] DbMcusXml:78 - Set database path to: C:\ST\STM32CubeIDE_1.18.1\STM32CubeIDE\plugins\com.st.stm32cube.common.mx_6.14.1.202504091515\\db\/mcu/
2025-05-08 15:29:19,739 [INFO] ApiDb:274 - Set plugin database path to: C:\ST\STM32CubeIDE_1.18.1\STM32CubeIDE\plugins\com.st.stm32cube.common.mx_6.14.1.202504091515\\db\/plugins/boardmanager/
2025-05-08 15:29:19,739 [INFO] ApiDb:261 - Set plugin images path to: C:\ST\STM32CubeIDE_1.18.1\STM32CubeIDE\plugins\com.st.stm32cube.common.mx_6.14.1.202504091515\\db\/plugins/mcufinder/images/
2025-05-08 15:29:19,740 [WARN] DbFile:41 - Overriding database path with different value: C:\Users\Adriano\.stmcufinder\plugins\mcufinder/ => C:\Users\Adriano\.stmcufinder\plugins\mcufinder
2025-05-08 15:29:19,740 [INFO] ApiDb:250 - Set database path to: C:\Users\Adriano\.stmcufinder\plugins\mcufinder//mcu/
2025-05-08 15:29:19,740 [WARN] DbFile:41 - Overriding database path with different value: C:\Users\Adriano\.stmcufinder\plugins\mcufinder/ => C:\Users\Adriano\.stmcufinder\plugins\mcufinder
2025-05-08 15:29:19,740 [INFO] DbMcusAds:125 - Set database path to: C:\Users\Adriano\.stmcufinder\plugins\mcufinder//mcu/
2025-05-08 15:29:19,740 [WARN] DbFile:41 - Overriding database path with different value: C:\Users\Adriano\.stmcufinder\plugins\mcufinder/ => C:\Users\Adriano\.stmcufinder\plugins\mcufinder
2025-05-08 15:29:19,740 [WARN] DbFile:41 - Overriding database path with different value: C:\Users\Adriano\.stmcufinder\plugins\mcufinder/ => C:\Users\Adriano\.stmcufinder\plugins\mcufinder
2025-05-08 15:29:19,740 [INFO] CrossReferenceDbSqlite:203 - Set database path to: C:\Users\Adriano\.stmcufinder\plugins\mcufinder//mcu/cs/
2025-05-08 15:29:19,754 [INFO] ApplicationProperties:184 - Using Application install path: C:\ST\STM32CubeIDE_1.18.1\STM32CubeIDE\plugins\com.st.stm32cube.common.mx_6.14.1.202504091515
2025-05-08 15:29:19,756 [INFO] PluginManage:196 - Search for loadable plugins [exclusion list=, ]
2025-05-08 15:29:19,756 [INFO] PluginManage:310 - Check plugin analytics
2025-05-08 15:29:19,905 [INFO] AnalyticsPlugin:253 - Accepted Software Licenses: 
2025-05-08 15:29:19,905 [INFO] AnalyticsPlugin:255 - Accepted CMSIS Pack Licenses: 
2025-05-08 15:29:19,905 [INFO] AnalyticsPlugin:257 - Accepted Firmware Licenses: FW.F4.1.28.0,FW.L4.1.18.0
2025-05-08 15:29:19,907 [INFO] PluginManage:359 - Loaded plugin analytics (category:tool,tabindex:-1)
2025-05-08 15:29:19,907 [INFO] PluginManage:310 - Check plugin cadmodel
2025-05-08 15:29:19,914 [INFO] CADModel:105 - Init CAD model plugin
2025-05-08 15:29:19,914 [INFO] PluginManage:359 - Loaded plugin cadmodel (category:power,tabindex:5)
2025-05-08 15:29:19,914 [INFO] PluginManage:310 - Check plugin clock
2025-05-08 15:29:19,923 [INFO] PluginManage:359 - Loaded plugin clock (category:base,tabindex:2)
2025-05-08 15:29:19,923 [INFO] PluginManage:310 - Check plugin ddr
2025-05-08 15:29:19,925 [INFO] PluginManage:359 - Loaded plugin ddr (category:tool,tabindex:6)
2025-05-08 15:29:19,925 [INFO] PluginManage:310 - Check plugin filemanager
2025-05-08 15:29:20,265 [INFO] PluginManage:359 - Loaded plugin filemanager (category:base,tabindex:10)
2025-05-08 15:29:20,266 [INFO] PluginManage:310 - Check plugin ipmanager
2025-05-08 15:29:20,272 [INFO] PluginManage:359 - Loaded plugin ipmanager (category:base,tabindex:5)
2025-05-08 15:29:20,272 [INFO] PluginManage:310 - Check plugin lpbam
2025-05-08 15:29:20,278 [INFO] PluginManage:359 - Loaded plugin lpbam (category:base,tabindex:0)
2025-05-08 15:29:20,278 [INFO] PluginManage:310 - Check plugin memorymap
2025-05-08 15:29:20,289 [INFO] PluginManage:359 - Loaded plugin memorymap (category:base,tabindex:4)
2025-05-08 15:29:20,289 [INFO] PluginManage:310 - Check plugin pinoutandconfiguration
2025-05-08 15:29:20,296 [INFO] PluginManage:359 - Loaded plugin pinoutandconfiguration (category:base,tabindex:1)
2025-05-08 15:29:20,297 [INFO] PluginManage:310 - Check plugin pinoutconfig
2025-05-08 15:29:20,364 [WARN] SupportedApi:132 - Cannot load RTOS API schema: s4s-elt-must-match.1: The content of 'definitions' must match (annotation?, (simpleType | complexType)?, (unique | key | keyref)*)). A problem was found starting at: attribute.
2025-05-08 15:29:20,468 [INFO] PluginManage:359 - Loaded plugin pinoutconfig (category:base,tabindex:0)
2025-05-08 15:29:20,468 [INFO] PluginManage:310 - Check plugin power
2025-05-08 15:29:20,478 [INFO] PluginManage:359 - Loaded plugin power (category:power,tabindex:4)
2025-05-08 15:29:20,478 [INFO] PluginManage:310 - Check plugin projectmanager
2025-05-08 15:29:20,491 [INFO] PluginManage:359 - Loaded plugin projectmanager (category:projectmanager,tabindex:4)
2025-05-08 15:29:20,491 [INFO] PluginManage:310 - Check plugin rif
2025-05-08 15:29:20,498 [INFO] PluginManage:359 - Loaded plugin rif (category:base,tabindex:3)
2025-05-08 15:29:20,498 [INFO] PluginManage:310 - Check plugin thirdparty
2025-05-08 15:29:20,605 [INFO] PluginManage:359 - Loaded plugin thirdparty (category:base,tabindex:-1)
2025-05-08 15:29:20,605 [INFO] PluginManage:310 - Check plugin tools
2025-05-08 15:29:20,605 [WARN] IntegrityCheckThread:84 - waiting for thirdparty lock release [integrity check]
2025-05-08 15:29:20,605 [INFO] IntegrityCheckThread:86 - entering critical section [integrity check]
2025-05-08 15:29:20,605 [INFO] ThirdPartyUpdaterWithRetryManager:70 - Updater plugin not ready yet. [1/15]
2025-05-08 15:29:20,608 [INFO] PluginManage:359 - Loaded plugin tools (category:base,tabindex:7)
2025-05-08 15:29:20,608 [INFO] PluginManage:310 - Check plugin tutovideos
2025-05-08 15:29:20,744 [INFO] PluginManage:359 - Loaded plugin tutovideos (category:base,tabindex:-1)
2025-05-08 15:29:20,744 [INFO] PluginManage:310 - Check plugin updater
2025-05-08 15:29:20,762 [INFO] PluginManage:359 - Loaded plugin updater (category:base,tabindex:12)
2025-05-08 15:29:20,762 [INFO] PluginManage:310 - Check plugin userauth
2025-05-08 15:29:20,766 [INFO] UserAuth:118 - Init User Auth plugin
2025-05-08 15:29:20,766 [INFO] PluginManage:359 - Loaded plugin userauth (category:base,tabindex:14)
2025-05-08 15:29:20,766 [INFO] PluginManage:283 - PluginManage : Loaded plugins [18]
2025-05-08 15:29:20,922 [INFO] PinOutPanel:1589 - setPackage(No Configuration,No Configuration)
2025-05-08 15:29:20,989 [INFO] CADModel:165 - CPN selected for project level
2025-05-08 15:29:20,990 [INFO] CADModel:114 - Register for checkConnection events
2025-05-08 15:29:21,001 [INFO] IPUIPlugin:80 - create IPUIPlugin
2025-05-08 15:29:21,003 [INFO] PluginManager:220 - loadIPPluginJar : add adc
2025-05-08 15:29:21,005 [INFO] IPUIPlugin:80 - create IPUIPlugin
2025-05-08 15:29:21,005 [INFO] PluginManager:220 - loadIPPluginJar : add aes
2025-05-08 15:29:21,007 [INFO] IPUIPlugin:80 - create IPUIPlugin
2025-05-08 15:29:21,007 [INFO] PluginManager:220 - loadIPPluginJar : add can
2025-05-08 15:29:21,008 [INFO] IPUIPlugin:80 - create IPUIPlugin
2025-05-08 15:29:21,008 [INFO] PluginManager:220 - loadIPPluginJar : add comp
2025-05-08 15:29:21,009 [INFO] IPUIPlugin:80 - create IPUIPlugin
2025-05-08 15:29:21,009 [INFO] PluginManager:220 - loadIPPluginJar : add cryp
2025-05-08 15:29:21,012 [INFO] IPUIPlugin:80 - create IPUIPlugin
2025-05-08 15:29:21,012 [INFO] PluginManager:220 - loadIPPluginJar : add ddr_ctrl_phy
2025-05-08 15:29:21,014 [INFO] IPUIPlugin:80 - create IPUIPlugin
2025-05-08 15:29:21,014 [INFO] PluginManager:220 - loadIPPluginJar : add dfsdm
2025-05-08 15:29:21,018 [INFO] IPUIPlugin:80 - create IPUIPlugin
2025-05-08 15:29:21,019 [INFO] PluginManager:220 - loadIPPluginJar : add dma
2025-05-08 15:29:21,021 [INFO] IPUIPlugin:80 - create IPUIPlugin
2025-05-08 15:29:21,021 [INFO] PluginManager:220 - loadIPPluginJar : add dma3
2025-05-08 15:29:21,023 [INFO] IPUIPlugin:80 - create IPUIPlugin
2025-05-08 15:29:21,023 [INFO] PluginManager:220 - loadIPPluginJar : add extmemmanager
2025-05-08 15:29:21,025 [INFO] IPUIPlugin:80 - create IPUIPlugin
2025-05-08 15:29:21,025 [INFO] PluginManager:220 - loadIPPluginJar : add fatfs
2025-05-08 15:29:21,029 [INFO] IPUIPlugin:80 - create IPUIPlugin
2025-05-08 15:29:21,029 [INFO] PluginManager:220 - loadIPPluginJar : add fmc
2025-05-08 15:29:21,033 [INFO] IPUIPlugin:80 - create IPUIPlugin
2025-05-08 15:29:21,033 [INFO] PluginManager:220 - loadIPPluginJar : add freertos
2025-05-08 15:29:21,035 [INFO] IPUIPlugin:80 - create IPUIPlugin
2025-05-08 15:29:21,035 [INFO] PluginManager:220 - loadIPPluginJar : add genericplugin
2025-05-08 15:29:21,037 [INFO] IPUIPlugin:80 - create IPUIPlugin
2025-05-08 15:29:21,037 [INFO] PluginManager:220 - loadIPPluginJar : add gfxmmu
2025-05-08 15:29:21,041 [INFO] IPUIPlugin:80 - create IPUIPlugin
2025-05-08 15:29:21,041 [INFO] PluginManager:220 - loadIPPluginJar : add gic
2025-05-08 15:29:21,044 [INFO] IPUIPlugin:80 - create IPUIPlugin
2025-05-08 15:29:21,044 [INFO] PluginManager:220 - loadIPPluginJar : add gpio
2025-05-08 15:29:21,046 [INFO] IPUIPlugin:80 - create IPUIPlugin
2025-05-08 15:29:21,047 [INFO] PluginManager:220 - loadIPPluginJar : add gtzc
2025-05-08 15:29:21,048 [INFO] IPUIPlugin:80 - create IPUIPlugin
2025-05-08 15:29:21,048 [INFO] PluginManager:220 - loadIPPluginJar : add hash
2025-05-08 15:29:21,052 [INFO] IPUIPlugin:80 - create IPUIPlugin
2025-05-08 15:29:21,052 [INFO] PluginManager:220 - loadIPPluginJar : add i2c
2025-05-08 15:29:21,054 [INFO] IPUIPlugin:80 - create IPUIPlugin
2025-05-08 15:29:21,054 [INFO] PluginManager:220 - loadIPPluginJar : add i2s
2025-05-08 15:29:21,056 [INFO] IPUIPlugin:80 - create IPUIPlugin
2025-05-08 15:29:21,056 [INFO] PluginManager:220 - loadIPPluginJar : add i3c
2025-05-08 15:29:21,059 [INFO] IPUIPlugin:80 - create IPUIPlugin
2025-05-08 15:29:21,059 [INFO] PluginManager:220 - loadIPPluginJar : add ipddr
2025-05-08 15:29:21,064 [INFO] IPUIPlugin:80 - create IPUIPlugin
2025-05-08 15:29:21,064 [INFO] PluginManager:220 - loadIPPluginJar : add linkedlist
2025-05-08 15:29:21,067 [INFO] IPUIPlugin:80 - create IPUIPlugin
2025-05-08 15:29:21,067 [INFO] PluginManager:220 - loadIPPluginJar : add lorawan
2025-05-08 15:29:21,069 [INFO] IPUIPlugin:80 - create IPUIPlugin
2025-05-08 15:29:21,069 [INFO] PluginManager:220 - loadIPPluginJar : add ltdc
2025-05-08 15:29:21,074 [INFO] IPUIPlugin:80 - create IPUIPlugin
2025-05-08 15:29:21,074 [INFO] PluginManager:220 - loadIPPluginJar : add mdma
2025-05-08 15:29:21,077 [INFO] IPUIPlugin:80 - create IPUIPlugin
2025-05-08 15:29:21,077 [INFO] PluginManager:220 - loadIPPluginJar : add nvic
2025-05-08 15:29:21,080 [INFO] IPUIPlugin:80 - create IPUIPlugin
2025-05-08 15:29:21,080 [INFO] PluginManager:220 - loadIPPluginJar : add opamp
2025-05-08 15:29:21,083 [INFO] IPUIPlugin:80 - create IPUIPlugin
2025-05-08 15:29:21,083 [INFO] PluginManager:220 - loadIPPluginJar : add openamp
2025-05-08 15:29:21,085 [INFO] IPUIPlugin:80 - create IPUIPlugin
2025-05-08 15:29:21,085 [INFO] PluginManager:220 - loadIPPluginJar : add pdm2pcm
2025-05-08 15:29:21,090 [INFO] IPUIPlugin:80 - create IPUIPlugin
2025-05-08 15:29:21,093 [INFO] PluginManager:220 - loadIPPluginJar : add plateformsettings
2025-05-08 15:29:21,094 [INFO] IPUIPlugin:80 - create IPUIPlugin
2025-05-08 15:29:21,094 [INFO] PluginManager:220 - loadIPPluginJar : add quadspi
2025-05-08 15:29:21,096 [INFO] IPUIPlugin:80 - create IPUIPlugin
2025-05-08 15:29:21,097 [INFO] PluginManager:220 - loadIPPluginJar : add radio
2025-05-08 15:29:21,100 [INFO] IPUIPlugin:80 - create IPUIPlugin
2025-05-08 15:29:21,100 [INFO] PluginManager:220 - loadIPPluginJar : add resmgrutility
2025-05-08 15:29:21,103 [INFO] IPUIPlugin:80 - create IPUIPlugin
2025-05-08 15:29:21,103 [INFO] PluginManager:220 - loadIPPluginJar : add sai
2025-05-08 15:29:21,104 [INFO] IPUIPlugin:80 - create IPUIPlugin
2025-05-08 15:29:21,104 [INFO] PluginManager:220 - loadIPPluginJar : add spi
2025-05-08 15:29:21,110 [INFO] IPUIPlugin:80 - create IPUIPlugin
2025-05-08 15:29:21,110 [INFO] PluginManager:220 - loadIPPluginJar : add stm32_wpan
2025-05-08 15:29:21,112 [INFO] IPUIPlugin:80 - create IPUIPlugin
2025-05-08 15:29:21,112 [INFO] PluginManager:220 - loadIPPluginJar : add tim
2025-05-08 15:29:21,114 [INFO] IPUIPlugin:80 - create IPUIPlugin
2025-05-08 15:29:21,114 [INFO] PluginManager:220 - loadIPPluginJar : add touchsensing
2025-05-08 15:29:21,115 [INFO] IPUIPlugin:80 - create IPUIPlugin
2025-05-08 15:29:21,115 [INFO] PluginManager:220 - loadIPPluginJar : add tracer_emb
2025-05-08 15:29:21,118 [INFO] IPUIPlugin:80 - create IPUIPlugin
2025-05-08 15:29:21,118 [INFO] PluginManager:220 - loadIPPluginJar : add ts
2025-05-08 15:29:21,119 [INFO] IPUIPlugin:80 - create IPUIPlugin
2025-05-08 15:29:21,119 [INFO] PluginManager:220 - loadIPPluginJar : add tsc
2025-05-08 15:29:21,121 [INFO] IPUIPlugin:80 - create IPUIPlugin
2025-05-08 15:29:21,121 [INFO] PluginManager:220 - loadIPPluginJar : add ucpd
2025-05-08 15:29:21,123 [INFO] IPUIPlugin:80 - create IPUIPlugin
2025-05-08 15:29:21,123 [INFO] PluginManager:220 - loadIPPluginJar : add usart
2025-05-08 15:29:21,125 [INFO] IPUIPlugin:80 - create IPUIPlugin
2025-05-08 15:29:21,125 [INFO] PluginManager:220 - loadIPPluginJar : add usbx
2025-05-08 15:29:21,236 [FATAL] Updater:351 - Updater called before beeing initialized
2025-05-08 15:29:21,258 [INFO] RulesReader:64 - Compatibility file has been processed (302 Rules)
2025-05-08 15:29:21,266 [INFO] RulesReader:64 - Compatibility file has been processed (302 Rules)
2025-05-08 15:29:21,272 [INFO] CADModel:165 - CPN selected for project level
2025-05-08 15:29:21,272 [INFO] CADModel:114 - Register for checkConnection events
2025-05-08 15:29:21,272 [FATAL] Updater:351 - Updater called before beeing initialized
2025-05-08 15:29:21,272 [ERROR] CADModel:125 - Updater not yet initialized, retry later 
2025-05-08 15:29:21,378 [FATAL] Updater:351 - Updater called before beeing initialized
2025-05-08 15:29:21,379 [INFO] CADModel:165 - CPN selected for project level
2025-05-08 15:29:21,380 [INFO] CADModel:114 - Register for checkConnection events
2025-05-08 15:29:21,380 [FATAL] Updater:351 - Updater called before beeing initialized
2025-05-08 15:29:21,380 [ERROR] CADModel:125 - Updater not yet initialized, retry later 
2025-05-08 15:29:21,382 [FATAL] Updater:351 - Updater called before beeing initialized
2025-05-08 15:29:21,463 [FATAL] Updater:351 - Updater called before beeing initialized
2025-05-08 15:29:21,466 [INFO] DbMcusAds:53 - JSON generation date=Thu Mar 06 11:54:22 BRT 2025 (1741272862204)
2025-05-08 15:29:21,466 [FATAL] Updater:351 - Updater called before beeing initialized
2025-05-08 15:29:21,501 [WARN] DetailPanel:346 - Failed to get advertising image, set to default
2025-05-08 15:29:21,720 [FATAL] Updater:351 - Updater called before beeing initialized
2025-05-08 15:29:21,722 [FATAL] Updater:351 - Updater called before beeing initialized
2025-05-08 15:29:21,722 [FATAL] Updater:351 - Updater called before beeing initialized
2025-05-08 15:29:21,722 [WARN] DetailPanel:346 - Failed to get advertising image, set to default
2025-05-08 15:29:21,722 [FATAL] Updater:351 - Updater called before beeing initialized
2025-05-08 15:29:21,760 [ERROR] Updater:1198 - MainUpdater not yet initialized. External WinMGr cannot be set.
2025-05-08 15:29:21,762 [INFO] Updater:1134 - Updater Version found : 6.14.1
2025-05-08 15:29:21,777 [INFO] ApplicationProperties:184 - Using Application install path: C:\ST\STM32CubeIDE_1.18.1\STM32CubeIDE\plugins\com.st.stm32cube.common.mx_6.14.1.202504091515
2025-05-08 15:29:22,246 [INFO] MainUpdater:2872 - connection check result : 10
2025-05-08 15:29:22,247 [INFO] MainUpdater:289 - Updater Check For Update Now.
2025-05-08 15:29:22,247 [INFO] MicroXplorer:498 - Change Database Version : DB.6.0.141
2025-05-08 15:29:22,255 [INFO] McuFinderGlobals:63 - Set McuFinder mode to 2 (CubeIDE integrated)
2025-05-08 15:29:22,256 [INFO] UserAuth:484 - Internet connection configuration mode: 1
2025-05-08 15:29:22,277 [INFO] JxBrowserEngine:152 - Initiate JxBrowser Engine with user profile folder
2025-05-08 15:29:22,421 [INFO] CheckServerUpdateThread:120 - End of CheckServer Thread
2025-05-08 15:29:23,758 [INFO] WebApp:169 - Instantiating new browser for Auth
2025-05-08 15:29:23,835 [WARN] PackLoader:240 - Cannot read IP mode file for STMicroelectronics.FP-SNS-MOTENVWB1.1.4.0
2025-05-08 15:29:23,847 [WARN] PackLoader:240 - Cannot read IP mode file for STMicroelectronics.FP-ATR-ASTRA1.2.0.2
2025-05-08 15:29:23,851 [WARN] PackLoader:240 - Cannot read IP mode file for STMicroelectronics.FP-ATR-ASTRA1.2.0.1
2025-05-08 15:29:23,862 [WARN] PackLoader:240 - Cannot read IP mode file for STMicroelectronics.X-CUBE-SMBUS.2.1.0
2025-05-08 15:29:23,868 [WARN] PackLoader:240 - Cannot read IP mode file for STMicroelectronics.X-CUBE-WB05N.1.1.0
2025-05-08 15:29:23,893 [WARN] PackLoader:240 - Cannot read IP mode file for STMicroelectronics.X-CUBE-AZRTOS-F7.1.1.0
2025-05-08 15:29:23,902 [WARN] PackLoader:240 - Cannot read IP mode file for STMicroelectronics.FP-SNS-FLIGHT1.5.0.2
2025-05-08 15:29:23,926 [WARN] PackLoader:240 - Cannot read IP mode file for Infineon.AIROC-Wi-Fi-Bluetooth-STM32.1.7.0
2025-05-08 15:29:23,939 [WARN] PackLoader:240 - Cannot read IP mode file for STMicroelectronics.X-CUBE-DISPLAY.3.0.0
2025-05-08 15:29:23,947 [WARN] PackLoader:240 - Cannot read IP mode file for STMicroelectronics.X-CUBE-BLE1.7.0.0
2025-05-08 15:29:23,953 [WARN] PackLoader:240 - Cannot read IP mode file for STMicroelectronics.X-CUBE-NFC10.1.0.0
2025-05-08 15:29:23,964 [WARN] PackLoader:240 - Cannot read IP mode file for STMicroelectronics.X-CUBE-BLEMGR.4.0.0
2025-05-08 15:29:23,972 [WARN] PackLoader:240 - Cannot read IP mode file for emotas.I-CUBE-CANOPEN.1.3.0
2025-05-08 15:29:23,976 [WARN] ConditionMgr:438 - getConditionDescription Invalid condition id : Cortex-A Device cause : null
2025-05-08 15:29:23,986 [WARN] ConditionMgr:1044 - genDependencies : Invalid condition id : Cortex-A Device cause : null
2025-05-08 15:29:23,986 [WARN] ConditionMgr:1044 - genDependencies : Invalid condition id : Cortex-A Device cause : null
2025-05-08 15:29:23,986 [WARN] ConditionMgr:1044 - genDependencies : Invalid condition id : Cortex-A Device cause : null
2025-05-08 15:29:23,990 [WARN] PackLoader:240 - Cannot read IP mode file for STMicroelectronics.FP-SNS-SMARTAG2.1.2.0
2025-05-08 15:29:23,993 [WARN] PackLoader:240 - Cannot read IP mode file for STMicroelectronics.FP-SNS-FLIGHT1.5.1.0
2025-05-08 15:29:24,036 [WARN] PackLoader:240 - Cannot read IP mode file for STMicroelectronics.X-CUBE-MEMS1.11.1.0
2025-05-08 15:29:24,187 [INFO] LogOutputStream:77 - [STDOUT_REDIRECT] 1 : Invalid condition id : UX_CORESTACK_Condition cause : null
2025-05-08 15:29:24,187 [INFO] LogOutputStream:77 - [STDOUT_REDIRECT] 1 : Invalid condition id : UX_CORESTACK_Condition cause : null
2025-05-08 15:29:24,189 [INFO] LogOutputStream:77 - [STDOUT_REDIRECT] 1 : Invalid condition id : UX_CORESTACK_Condition cause : null
2025-05-08 15:29:24,190 [INFO] LogOutputStream:77 - [STDOUT_REDIRECT] 1 : Invalid condition id : UX_CORESTACK_Condition cause : null
2025-05-08 15:29:24,191 [INFO] LogOutputStream:77 - [STDOUT_REDIRECT] 1 : Invalid condition id : UX_CORESTACK_Condition cause : null
2025-05-08 15:29:24,196 [WARN] PackLoader:240 - Cannot read IP mode file for STMicroelectronics.X-CUBE-AZRTOS-WL.2.0.0
2025-05-08 15:29:24,201 [WARN] PackLoader:240 - Cannot read IP mode file for STMicroelectronics.FP-SNS-MOTENV1.5.0.0
2025-05-08 15:29:24,211 [WARN] PackLoader:240 - Cannot read IP mode file for WES.I-CUBE-Cesium.1.3.0
2025-05-08 15:29:24,217 [WARN] PackLoader:240 - Cannot read IP mode file for STMicroelectronics.X-CUBE-BLE2.3.3.0
2025-05-08 15:29:24,224 [WARN] PackLoader:240 - Cannot read IP mode file for STMicroelectronics.X-CUBE-NFC9.1.0.0
2025-05-08 15:29:24,228 [WARN] PackLoader:240 - Cannot read IP mode file for STMicroelectronics.X-CUBE-BLE1.7.1.0
2025-05-08 15:29:24,232 [WARN] PackLoader:240 - Cannot read IP mode file for wolfSSL.I-CUBE-wolfMQTT.1.19.2
2025-05-08 15:29:24,262 [WARN] PackLoader:240 - Cannot read IP mode file for STMicroelectronics.X-CUBE-MEMS1.11.2.0
2025-05-08 15:29:24,411 [WARN] PackLoader:240 - Cannot read IP mode file for STMicroelectronics.X-CUBE-AZRTOS-G0.1.1.0
2025-05-08 15:29:24,423 [WARN] PackLoader:240 - Cannot read IP mode file for STMicroelectronics.X-CUBE-SAFEA1.1.2.2
2025-05-08 15:29:24,433 [WARN] PackLoader:240 - Cannot read IP mode file for STMicroelectronics.X-CUBE-NFC4.3.0.0
2025-05-08 15:29:24,443 [WARN] PackLoader:240 - Cannot read IP mode file for EmbeddedOffice.I-CUBE-FS-RTOS.1.0.1
2025-05-08 15:29:24,449 [WARN] PackLoader:240 - Cannot read IP mode file for STMicroelectronics.X-CUBE-WB05N.2.0.0
2025-05-08 15:29:24,452 [WARN] PackLoader:240 - Cannot read IP mode file for wolfSSL.I-CUBE-wolfTPM.3.8.0
2025-05-08 15:29:24,459 [WARN] PackLoader:240 - Cannot read IP mode file for STMicroelectronics.X-CUBE-TCPP.4.2.0
2025-05-08 15:29:24,466 [WARN] PackLoader:240 - Cannot read IP mode file for RealThread.X-CUBE-RT-Thread_Nano.4.1.1
2025-05-08 15:29:24,471 [WARN] PackLoader:240 - Cannot read IP mode file for STMicroelectronics.FP-ATR-SIGFOX1.3.2.0
2025-05-08 15:29:24,476 [WARN] PackLoader:240 - Cannot read IP mode file for STMicroelectronics.X-CUBE-EEPRMA1.5.1.0
2025-05-08 15:29:24,482 [WARN] PackLoader:240 - Cannot read IP mode file for wolfSSL.I-CUBE-wolfSSL.5.7.6
2025-05-08 15:29:24,487 [WARN] PackLoader:240 - Cannot read IP mode file for ITTIA_DB.I-CUBE-ITTIADB.8.9.0
2025-05-08 15:29:24,511 [WARN] PackLoader:240 - Cannot read IP mode file for SEGGER.I-CUBE-embOS.1.3.1
2025-05-08 15:29:24,527 [INFO] WebApp:463 - Apply proxy settings
2025-05-08 15:29:24,528 [INFO] WebApp:548 - Chromium requires no authentication
2025-05-08 15:29:24,537 [INFO] WebApp:491 - Direct internet connection detected
2025-05-08 15:29:24,546 [WARN] PackLoader:240 - Cannot read IP mode file for STMicroelectronics.X-CUBE-ALGOBUILD.1.4.0
2025-05-08 15:29:24,559 [WARN] PackLoader:240 - Cannot read IP mode file for STMicroelectronics.X-CUBE-AZRTOS-F4.1.1.0
2025-05-08 15:29:24,566 [WARN] PackLoader:240 - Cannot read IP mode file for Avnet-IotConnect.X-CUBE-IoTC-DA16k-PMOD.1.0.0
2025-05-08 15:29:24,566 [INFO] WebApp:894 - Register for checkConnection events
2025-05-08 15:29:24,566 [INFO] WebApp:463 - Apply proxy settings
2025-05-08 15:29:24,566 [INFO] WebApp:548 - Chromium requires no authentication
2025-05-08 15:29:24,566 [INFO] WebApp:491 - Direct internet connection detected
2025-05-08 15:29:24,569 [WARN] PackLoader:240 - Cannot read IP mode file for STMicroelectronics.X-CUBE-ISPU.2.1.0
2025-05-08 15:29:24,581 [WARN] PackLoader:240 - Cannot read IP mode file for STMicroelectronics.X-CUBE-AZRTOS-L5.2.0.0
2025-05-08 15:29:24,588 [WARN] PackLoader:240 - Cannot read IP mode file for STMicroelectronics.X-CUBE-NFC6.3.1.0
2025-05-08 15:29:24,593 [WARN] PackLoader:240 - Cannot read IP mode file for STMicroelectronics.X-CUBE-DPower.1.2.0
2025-05-08 15:29:24,598 [WARN] PackLoader:240 - Cannot read IP mode file for STMicroelectronics.X-CUBE-FREERTOS.1.3.0
2025-05-08 15:29:24,602 [WARN] PackLoader:240 - Cannot read IP mode file for STMicroelectronics.X-CUBE-NFC7.1.0.1
2025-05-08 15:29:24,607 [WARN] PackLoader:240 - Cannot read IP mode file for STMicroelectronics.X-CUBE-DPower.1.3.0
2025-05-08 15:29:24,619 [WARN] ConditionMgr:438 - getConditionDescription Invalid condition id : LAN8742 Phy interface Condition cause : null
2025-05-08 15:29:24,619 [WARN] PackLoader:240 - Cannot read IP mode file for STMicroelectronics.X-CUBE-AZRTOS-L4.2.0.0
2025-05-08 15:29:24,621 [WARN] ConditionMgr:1044 - genDependencies : Invalid condition id : LAN8742 Phy interface Condition cause : null
2025-05-08 15:29:24,621 [WARN] ConditionMgr:1044 - genDependencies : Invalid condition id : LAN8742 Phy interface Condition cause : null
2025-05-08 15:29:24,622 [WARN] ConditionMgr:1044 - genDependencies : Invalid condition id : LAN8742 Phy interface Condition cause : null
2025-05-08 15:29:24,627 [WARN] PackLoader:240 - Cannot read IP mode file for STMicroelectronics.X-CUBE-SFXS2LP1.4.0.0
2025-05-08 15:29:24,640 [WARN] PackLoader:240 - Cannot read IP mode file for STMicroelectronics.X-CUBE-AZRTOS-H7.3.3.0
2025-05-08 15:29:24,651 [WARN] ConditionMgr:438 - getConditionDescription Invalid condition id : UX DEVICE CLASS RTOS Condition cause : null
2025-05-08 15:29:24,651 [WARN] ConditionMgr:438 - getConditionDescription Invalid condition id : UX DEVICE CLASS RTOS Condition cause : null
2025-05-08 15:29:24,652 [WARN] PackLoader:240 - Cannot read IP mode file for STMicroelectronics.X-CUBE-AZRTOS-WB.2.0.0
2025-05-08 15:29:24,652 [WARN] ConditionMgr:1044 - genDependencies : Invalid condition id : UX DEVICE CLASS RTOS Condition cause : null
2025-05-08 15:29:24,653 [WARN] ConditionMgr:1044 - genDependencies : Invalid condition id : UX DEVICE CLASS RTOS Condition cause : null
2025-05-08 15:29:24,653 [WARN] ConditionMgr:1044 - genDependencies : Invalid condition id : UX DEVICE CLASS RTOS Condition cause : null
2025-05-08 15:29:24,653 [WARN] ConditionMgr:1044 - genDependencies : Invalid condition id : UX DEVICE CLASS RTOS Condition cause : null
2025-05-08 15:29:24,653 [WARN] ConditionMgr:1044 - genDependencies : Invalid condition id : UX DEVICE CLASS RTOS Condition cause : null
2025-05-08 15:29:24,657 [WARN] PackLoader:240 - Cannot read IP mode file for STMicroelectronics.X-CUBE-GNSS1.7.0.1
2025-05-08 15:29:24,661 [WARN] PackLoader:240 - Cannot read IP mode file for STMicroelectronics.X-CUBE-TOUCHGFX.4.25.0
2025-05-08 15:29:24,664 [WARN] PackLoader:240 - Cannot read IP mode file for STMicroelectronics.FP-SNS-STBOX1.2.0.0
2025-05-08 15:29:24,674 [WARN] PackLoader:240 - Cannot read IP mode file for STMicroelectronics.X-CUBE-SUBG2.5.0.0
2025-05-08 15:29:24,689 [WARN] PackLoader:240 - Cannot read IP mode file for STMicroelectronics.X-CUBE-AZRTOS-H7RS.1.1.0
2025-05-08 15:29:24,694 [WARN] PackLoader:240 - Cannot read IP mode file for Cesanta.I-CUBE-Mongoose.7.13.0
2025-05-08 15:29:24,706 [WARN] PackLoader:240 - Cannot read IP mode file for STMicroelectronics.X-CUBE-AZRTOS-G4.2.0.0
2025-05-08 15:29:24,711 [WARN] PackLoader:240 - Cannot read IP mode file for wolfSSL.I-CUBE-wolfSSH.1.4.20
2025-05-08 15:29:24,714 [WARN] PackLoader:240 - Cannot read IP mode file for STMicroelectronics.X-CUBE-NFC7.2.0.0
2025-05-08 15:29:24,722 [WARN] PackLoader:240 - Cannot read IP mode file for STMicroelectronics.X-CUBE-IPS.3.1.0
2025-05-08 15:29:24,729 [WARN] PackLoader:240 - Cannot read IP mode file for STMicroelectronics.X-CUBE-ALS.1.0.2
2025-05-08 15:29:24,733 [WARN] PackLoader:240 - Cannot read IP mode file for portGmbH.I-Cube-SoM-uGOAL.1.1.0
2025-05-08 15:29:24,744 [WARN] PackLoader:240 - Cannot read IP mode file for STMicroelectronics.X-CUBE-AZRTOS-H7RS.1.0.0
2025-05-08 15:29:24,752 [WARN] PackLoader:240 - Cannot read IP mode file for STMicroelectronics.X-CUBE-TOF1.3.4.2
2025-05-08 15:29:24,761 [INFO] WebApp:225 - Starting web application
2025-05-08 15:29:24,761 [INFO] WebApp:593 - Web application path used C:\ST\STM32CubeIDE_1.18.1\STM32CubeIDE\plugins\com.st.stm32cube.common.mx_6.14.1.202504091515\db\plugins\mcufinder\reactClient1\index.html
2025-05-08 15:29:24,764 [WARN] PackLoader:240 - Cannot read IP mode file for STMicroelectronics.X-CUBE-TOF1.3.4.3
2025-05-08 15:29:24,773 [INFO] ThirdParty:978 - Integrity check success = true
2025-05-08 15:29:24,773 [INFO] IntegrityCheckThread:100 - exiting critical section [integrity check]
2025-05-08 15:29:24,774 [INFO] IntegrityCheckThread:103 - End integrity checks thread
2025-05-08 15:29:24,913 [INFO] UserAuth:484 - Internet connection configuration mode: 1
2025-05-08 15:29:24,924 [INFO] WebApp:191 - Connection restablished
2025-05-08 15:37:23,696 [ERROR] LogOutputStream:75 - [STDERR_REDIRECT] 
2025-05-08 15:37:27,784 [INFO] Activator:176 - 


2025-05-08 15:37:27,786 [INFO] Activator:177 - !SESSION log4j initialized
2025-05-08 15:37:29,815 [INFO] LogOutputStream:77 - [STDOUT_REDIRECT] 
2025-05-08 15:37:31,480 [INFO] ApplicationProperties:184 - Using Application install path: C:\ST\STM32CubeIDE_1.18.1\STM32CubeIDE\plugins\com.st.stm32cube.common.mx_6.14.1.202504091515
2025-05-08 15:37:31,492 [INFO] DbMcusXml:78 - Set database path to: C:\ST\STM32CubeIDE_1.18.1\STM32CubeIDE\plugins\com.st.stm32cube.common.mx_6.14.1.202504091515\\db\/mcu/
2025-05-08 15:37:31,492 [INFO] ApiDb:274 - Set plugin database path to: C:\ST\STM32CubeIDE_1.18.1\STM32CubeIDE\plugins\com.st.stm32cube.common.mx_6.14.1.202504091515\\db\/plugins/boardmanager/
2025-05-08 15:37:31,492 [WARN] ApiDb:259 - Overriding images path with different value:  => C:\ST\STM32CubeIDE_1.18.1\STM32CubeIDE\plugins\com.st.stm32cube.common.mx_6.14.1.202504091515\\db\/plugins/mcufinder/images/
2025-05-08 15:37:31,495 [INFO] ApiDb:250 - Set database path to: C:\Users\Adriano\.stmcufinder\plugins\mcufinder//mcu/
2025-05-08 15:37:31,496 [INFO] DbMcusAds:125 - Set database path to: C:\Users\Adriano\.stmcufinder\plugins\mcufinder//mcu/
2025-05-08 15:37:31,498 [INFO] CrossReferenceDbSqlite:203 - Set database path to: C:\Users\Adriano\.stmcufinder\plugins\mcufinder//mcu/cs/
2025-05-08 15:37:31,582 [INFO] RulesReader:64 - Compatibility file has been processed (302 Rules)
2025-05-08 15:37:31,634 [INFO] DbMcusXml:78 - Set database path to: C:\ST\STM32CubeIDE_1.18.1\STM32CubeIDE\plugins\com.st.stm32cube.common.mx_6.14.1.202504091515\\db\/mcu/
2025-05-08 15:37:31,634 [INFO] ApiDb:274 - Set plugin database path to: C:\ST\STM32CubeIDE_1.18.1\STM32CubeIDE\plugins\com.st.stm32cube.common.mx_6.14.1.202504091515\\db\/plugins/boardmanager/
2025-05-08 15:37:31,634 [INFO] ApiDb:261 - Set plugin images path to: C:\ST\STM32CubeIDE_1.18.1\STM32CubeIDE\plugins\com.st.stm32cube.common.mx_6.14.1.202504091515\\db\/plugins/mcufinder/images/
2025-05-08 15:37:31,635 [WARN] DbFile:41 - Overriding database path with different value: C:\Users\Adriano\.stmcufinder\plugins\mcufinder/ => C:\Users\Adriano\.stmcufinder\plugins\mcufinder
2025-05-08 15:37:31,635 [INFO] ApiDb:250 - Set database path to: C:\Users\Adriano\.stmcufinder\plugins\mcufinder//mcu/
2025-05-08 15:37:31,635 [WARN] DbFile:41 - Overriding database path with different value: C:\Users\Adriano\.stmcufinder\plugins\mcufinder/ => C:\Users\Adriano\.stmcufinder\plugins\mcufinder
2025-05-08 15:37:31,635 [INFO] DbMcusAds:125 - Set database path to: C:\Users\Adriano\.stmcufinder\plugins\mcufinder//mcu/
2025-05-08 15:37:31,635 [WARN] DbFile:41 - Overriding database path with different value: C:\Users\Adriano\.stmcufinder\plugins\mcufinder/ => C:\Users\Adriano\.stmcufinder\plugins\mcufinder
2025-05-08 15:37:31,635 [WARN] DbFile:41 - Overriding database path with different value: C:\Users\Adriano\.stmcufinder\plugins\mcufinder/ => C:\Users\Adriano\.stmcufinder\plugins\mcufinder
2025-05-08 15:37:31,635 [INFO] CrossReferenceDbSqlite:203 - Set database path to: C:\Users\Adriano\.stmcufinder\plugins\mcufinder//mcu/cs/
2025-05-08 15:37:31,678 [INFO] MainPanel:272 - HeapMemory: 268435456
2025-05-08 15:37:31,731 [INFO] DbMcusXml:78 - Set database path to: C:\ST\STM32CubeIDE_1.18.1\STM32CubeIDE\plugins\com.st.stm32cube.common.mx_6.14.1.202504091515\\db\/mcu/
2025-05-08 15:37:31,731 [INFO] ApiDb:274 - Set plugin database path to: C:\ST\STM32CubeIDE_1.18.1\STM32CubeIDE\plugins\com.st.stm32cube.common.mx_6.14.1.202504091515\\db\/plugins/boardmanager/
2025-05-08 15:37:31,731 [INFO] ApiDb:261 - Set plugin images path to: C:\ST\STM32CubeIDE_1.18.1\STM32CubeIDE\plugins\com.st.stm32cube.common.mx_6.14.1.202504091515\\db\/plugins/mcufinder/images/
2025-05-08 15:37:31,733 [WARN] DbFile:41 - Overriding database path with different value: C:\Users\Adriano\.stmcufinder\plugins\mcufinder/ => C:\Users\Adriano\.stmcufinder\plugins\mcufinder
2025-05-08 15:37:31,733 [INFO] ApiDb:250 - Set database path to: C:\Users\Adriano\.stmcufinder\plugins\mcufinder//mcu/
2025-05-08 15:37:31,733 [WARN] DbFile:41 - Overriding database path with different value: C:\Users\Adriano\.stmcufinder\plugins\mcufinder/ => C:\Users\Adriano\.stmcufinder\plugins\mcufinder
2025-05-08 15:37:31,733 [INFO] DbMcusAds:125 - Set database path to: C:\Users\Adriano\.stmcufinder\plugins\mcufinder//mcu/
2025-05-08 15:37:31,733 [WARN] DbFile:41 - Overriding database path with different value: C:\Users\Adriano\.stmcufinder\plugins\mcufinder/ => C:\Users\Adriano\.stmcufinder\plugins\mcufinder
2025-05-08 15:37:31,733 [WARN] DbFile:41 - Overriding database path with different value: C:\Users\Adriano\.stmcufinder\plugins\mcufinder/ => C:\Users\Adriano\.stmcufinder\plugins\mcufinder
2025-05-08 15:37:31,733 [INFO] CrossReferenceDbSqlite:203 - Set database path to: C:\Users\Adriano\.stmcufinder\plugins\mcufinder//mcu/cs/
2025-05-08 15:37:31,744 [INFO] ApplicationProperties:184 - Using Application install path: C:\ST\STM32CubeIDE_1.18.1\STM32CubeIDE\plugins\com.st.stm32cube.common.mx_6.14.1.202504091515
2025-05-08 15:37:31,745 [INFO] PluginManage:196 - Search for loadable plugins [exclusion list=, ]
2025-05-08 15:37:31,746 [INFO] PluginManage:310 - Check plugin analytics
2025-05-08 15:37:31,876 [INFO] AnalyticsPlugin:253 - Accepted Software Licenses: 
2025-05-08 15:37:31,876 [INFO] AnalyticsPlugin:255 - Accepted CMSIS Pack Licenses: 
2025-05-08 15:37:31,876 [INFO] AnalyticsPlugin:257 - Accepted Firmware Licenses: FW.F4.1.28.0,FW.L4.1.18.0
2025-05-08 15:37:31,878 [INFO] PluginManage:359 - Loaded plugin analytics (category:tool,tabindex:-1)
2025-05-08 15:37:31,879 [INFO] PluginManage:310 - Check plugin cadmodel
2025-05-08 15:37:31,882 [INFO] CADModel:105 - Init CAD model plugin
2025-05-08 15:37:31,882 [INFO] PluginManage:359 - Loaded plugin cadmodel (category:power,tabindex:5)
2025-05-08 15:37:31,882 [INFO] PluginManage:310 - Check plugin clock
2025-05-08 15:37:31,888 [INFO] PluginManage:359 - Loaded plugin clock (category:base,tabindex:2)
2025-05-08 15:37:31,889 [INFO] PluginManage:310 - Check plugin ddr
2025-05-08 15:37:31,890 [INFO] PluginManage:359 - Loaded plugin ddr (category:tool,tabindex:6)
2025-05-08 15:37:31,890 [INFO] PluginManage:310 - Check plugin filemanager
2025-05-08 15:37:32,015 [INFO] PluginManage:359 - Loaded plugin filemanager (category:base,tabindex:10)
2025-05-08 15:37:32,015 [INFO] PluginManage:310 - Check plugin ipmanager
2025-05-08 15:37:32,031 [INFO] PluginManage:359 - Loaded plugin ipmanager (category:base,tabindex:5)
2025-05-08 15:37:32,031 [INFO] PluginManage:310 - Check plugin lpbam
2025-05-08 15:37:32,037 [INFO] PluginManage:359 - Loaded plugin lpbam (category:base,tabindex:0)
2025-05-08 15:37:32,037 [INFO] PluginManage:310 - Check plugin memorymap
2025-05-08 15:37:32,045 [INFO] PluginManage:359 - Loaded plugin memorymap (category:base,tabindex:4)
2025-05-08 15:37:32,045 [INFO] PluginManage:310 - Check plugin pinoutandconfiguration
2025-05-08 15:37:32,050 [INFO] PluginManage:359 - Loaded plugin pinoutandconfiguration (category:base,tabindex:1)
2025-05-08 15:37:32,050 [INFO] PluginManage:310 - Check plugin pinoutconfig
2025-05-08 15:37:32,113 [WARN] SupportedApi:132 - Cannot load RTOS API schema: s4s-elt-must-match.1: The content of 'definitions' must match (annotation?, (simpleType | complexType)?, (unique | key | keyref)*)). A problem was found starting at: attribute.
2025-05-08 15:37:32,198 [INFO] PluginManage:359 - Loaded plugin pinoutconfig (category:base,tabindex:0)
2025-05-08 15:37:32,198 [INFO] PluginManage:310 - Check plugin power
2025-05-08 15:37:32,204 [INFO] PluginManage:359 - Loaded plugin power (category:power,tabindex:4)
2025-05-08 15:37:32,204 [INFO] PluginManage:310 - Check plugin projectmanager
2025-05-08 15:37:32,214 [INFO] PluginManage:359 - Loaded plugin projectmanager (category:projectmanager,tabindex:4)
2025-05-08 15:37:32,215 [INFO] PluginManage:310 - Check plugin rif
2025-05-08 15:37:32,219 [INFO] PluginManage:359 - Loaded plugin rif (category:base,tabindex:3)
2025-05-08 15:37:32,220 [INFO] PluginManage:310 - Check plugin thirdparty
2025-05-08 15:37:32,302 [INFO] PluginManage:359 - Loaded plugin thirdparty (category:base,tabindex:-1)
2025-05-08 15:37:32,302 [INFO] PluginManage:310 - Check plugin tools
2025-05-08 15:37:32,302 [WARN] IntegrityCheckThread:84 - waiting for thirdparty lock release [integrity check]
2025-05-08 15:37:32,302 [INFO] IntegrityCheckThread:86 - entering critical section [integrity check]
2025-05-08 15:37:32,303 [INFO] ThirdPartyUpdaterWithRetryManager:70 - Updater plugin not ready yet. [1/15]
2025-05-08 15:37:32,303 [INFO] PluginManage:359 - Loaded plugin tools (category:base,tabindex:7)
2025-05-08 15:37:32,305 [INFO] PluginManage:310 - Check plugin tutovideos
2025-05-08 15:37:32,413 [INFO] PluginManage:359 - Loaded plugin tutovideos (category:base,tabindex:-1)
2025-05-08 15:37:32,414 [INFO] PluginManage:310 - Check plugin updater
2025-05-08 15:37:32,429 [INFO] PluginManage:359 - Loaded plugin updater (category:base,tabindex:12)
2025-05-08 15:37:32,429 [INFO] PluginManage:310 - Check plugin userauth
2025-05-08 15:37:32,432 [INFO] UserAuth:118 - Init User Auth plugin
2025-05-08 15:37:32,433 [INFO] PluginManage:359 - Loaded plugin userauth (category:base,tabindex:14)
2025-05-08 15:37:32,433 [INFO] PluginManage:283 - PluginManage : Loaded plugins [18]
2025-05-08 15:37:32,564 [INFO] PinOutPanel:1589 - setPackage(No Configuration,No Configuration)
2025-05-08 15:37:32,623 [INFO] CADModel:165 - CPN selected for project level
2025-05-08 15:37:32,623 [INFO] CADModel:114 - Register for checkConnection events
2025-05-08 15:37:32,633 [INFO] IPUIPlugin:80 - create IPUIPlugin
2025-05-08 15:37:32,633 [INFO] PluginManager:220 - loadIPPluginJar : add adc
2025-05-08 15:37:32,635 [INFO] IPUIPlugin:80 - create IPUIPlugin
2025-05-08 15:37:32,635 [INFO] PluginManager:220 - loadIPPluginJar : add aes
2025-05-08 15:37:32,637 [INFO] IPUIPlugin:80 - create IPUIPlugin
2025-05-08 15:37:32,637 [INFO] PluginManager:220 - loadIPPluginJar : add can
2025-05-08 15:37:32,639 [INFO] IPUIPlugin:80 - create IPUIPlugin
2025-05-08 15:37:32,639 [INFO] PluginManager:220 - loadIPPluginJar : add comp
2025-05-08 15:37:32,640 [INFO] IPUIPlugin:80 - create IPUIPlugin
2025-05-08 15:37:32,640 [INFO] PluginManager:220 - loadIPPluginJar : add cryp
2025-05-08 15:37:32,642 [INFO] IPUIPlugin:80 - create IPUIPlugin
2025-05-08 15:37:32,642 [INFO] PluginManager:220 - loadIPPluginJar : add ddr_ctrl_phy
2025-05-08 15:37:32,643 [INFO] IPUIPlugin:80 - create IPUIPlugin
2025-05-08 15:37:32,643 [INFO] PluginManager:220 - loadIPPluginJar : add dfsdm
2025-05-08 15:37:32,646 [INFO] IPUIPlugin:80 - create IPUIPlugin
2025-05-08 15:37:32,646 [INFO] PluginManager:220 - loadIPPluginJar : add dma
2025-05-08 15:37:32,648 [INFO] IPUIPlugin:80 - create IPUIPlugin
2025-05-08 15:37:32,648 [INFO] PluginManager:220 - loadIPPluginJar : add dma3
2025-05-08 15:37:32,650 [INFO] IPUIPlugin:80 - create IPUIPlugin
2025-05-08 15:37:32,650 [INFO] PluginManager:220 - loadIPPluginJar : add extmemmanager
2025-05-08 15:37:32,651 [INFO] IPUIPlugin:80 - create IPUIPlugin
2025-05-08 15:37:32,651 [INFO] PluginManager:220 - loadIPPluginJar : add fatfs
2025-05-08 15:37:32,653 [INFO] IPUIPlugin:80 - create IPUIPlugin
2025-05-08 15:37:32,653 [INFO] PluginManager:220 - loadIPPluginJar : add fmc
2025-05-08 15:37:32,656 [INFO] IPUIPlugin:80 - create IPUIPlugin
2025-05-08 15:37:32,656 [INFO] PluginManager:220 - loadIPPluginJar : add freertos
2025-05-08 15:37:32,657 [INFO] IPUIPlugin:80 - create IPUIPlugin
2025-05-08 15:37:32,657 [INFO] PluginManager:220 - loadIPPluginJar : add genericplugin
2025-05-08 15:37:32,658 [INFO] IPUIPlugin:80 - create IPUIPlugin
2025-05-08 15:37:32,658 [INFO] PluginManager:220 - loadIPPluginJar : add gfxmmu
2025-05-08 15:37:32,661 [INFO] IPUIPlugin:80 - create IPUIPlugin
2025-05-08 15:37:32,661 [INFO] PluginManager:220 - loadIPPluginJar : add gic
2025-05-08 15:37:32,663 [INFO] IPUIPlugin:80 - create IPUIPlugin
2025-05-08 15:37:32,663 [INFO] PluginManager:220 - loadIPPluginJar : add gpio
2025-05-08 15:37:32,665 [INFO] IPUIPlugin:80 - create IPUIPlugin
2025-05-08 15:37:32,665 [INFO] PluginManager:220 - loadIPPluginJar : add gtzc
2025-05-08 15:37:32,667 [INFO] IPUIPlugin:80 - create IPUIPlugin
2025-05-08 15:37:32,667 [INFO] PluginManager:220 - loadIPPluginJar : add hash
2025-05-08 15:37:32,668 [INFO] IPUIPlugin:80 - create IPUIPlugin
2025-05-08 15:37:32,668 [INFO] PluginManager:220 - loadIPPluginJar : add i2c
2025-05-08 15:37:32,670 [INFO] IPUIPlugin:80 - create IPUIPlugin
2025-05-08 15:37:32,670 [INFO] PluginManager:220 - loadIPPluginJar : add i2s
2025-05-08 15:37:32,671 [INFO] IPUIPlugin:80 - create IPUIPlugin
2025-05-08 15:37:32,671 [INFO] PluginManager:220 - loadIPPluginJar : add i3c
2025-05-08 15:37:32,673 [INFO] IPUIPlugin:80 - create IPUIPlugin
2025-05-08 15:37:32,673 [INFO] PluginManager:220 - loadIPPluginJar : add ipddr
2025-05-08 15:37:32,677 [INFO] IPUIPlugin:80 - create IPUIPlugin
2025-05-08 15:37:32,677 [INFO] PluginManager:220 - loadIPPluginJar : add linkedlist
2025-05-08 15:37:32,679 [INFO] IPUIPlugin:80 - create IPUIPlugin
2025-05-08 15:37:32,679 [INFO] PluginManager:220 - loadIPPluginJar : add lorawan
2025-05-08 15:37:32,680 [INFO] IPUIPlugin:80 - create IPUIPlugin
2025-05-08 15:37:32,680 [INFO] PluginManager:220 - loadIPPluginJar : add ltdc
2025-05-08 15:37:32,684 [INFO] IPUIPlugin:80 - create IPUIPlugin
2025-05-08 15:37:32,684 [INFO] PluginManager:220 - loadIPPluginJar : add mdma
2025-05-08 15:37:32,686 [INFO] IPUIPlugin:80 - create IPUIPlugin
2025-05-08 15:37:32,686 [INFO] PluginManager:220 - loadIPPluginJar : add nvic
2025-05-08 15:37:32,687 [INFO] IPUIPlugin:80 - create IPUIPlugin
2025-05-08 15:37:32,687 [INFO] PluginManager:220 - loadIPPluginJar : add opamp
2025-05-08 15:37:32,690 [INFO] IPUIPlugin:80 - create IPUIPlugin
2025-05-08 15:37:32,690 [INFO] PluginManager:220 - loadIPPluginJar : add openamp
2025-05-08 15:37:32,692 [INFO] IPUIPlugin:80 - create IPUIPlugin
2025-05-08 15:37:32,692 [INFO] PluginManager:220 - loadIPPluginJar : add pdm2pcm
2025-05-08 15:37:32,696 [INFO] IPUIPlugin:80 - create IPUIPlugin
2025-05-08 15:37:32,698 [INFO] PluginManager:220 - loadIPPluginJar : add plateformsettings
2025-05-08 15:37:32,699 [INFO] IPUIPlugin:80 - create IPUIPlugin
2025-05-08 15:37:32,699 [INFO] PluginManager:220 - loadIPPluginJar : add quadspi
2025-05-08 15:37:32,699 [INFO] IPUIPlugin:80 - create IPUIPlugin
2025-05-08 15:37:32,700 [INFO] PluginManager:220 - loadIPPluginJar : add radio
2025-05-08 15:37:32,702 [INFO] IPUIPlugin:80 - create IPUIPlugin
2025-05-08 15:37:32,702 [INFO] PluginManager:220 - loadIPPluginJar : add resmgrutility
2025-05-08 15:37:32,703 [INFO] IPUIPlugin:80 - create IPUIPlugin
2025-05-08 15:37:32,703 [INFO] PluginManager:220 - loadIPPluginJar : add sai
2025-05-08 15:37:32,704 [INFO] IPUIPlugin:80 - create IPUIPlugin
2025-05-08 15:37:32,704 [INFO] PluginManager:220 - loadIPPluginJar : add spi
2025-05-08 15:37:32,708 [INFO] IPUIPlugin:80 - create IPUIPlugin
2025-05-08 15:37:32,708 [INFO] PluginManager:220 - loadIPPluginJar : add stm32_wpan
2025-05-08 15:37:32,709 [INFO] IPUIPlugin:80 - create IPUIPlugin
2025-05-08 15:37:32,709 [INFO] PluginManager:220 - loadIPPluginJar : add tim
2025-05-08 15:37:32,712 [INFO] IPUIPlugin:80 - create IPUIPlugin
2025-05-08 15:37:32,712 [INFO] PluginManager:220 - loadIPPluginJar : add touchsensing
2025-05-08 15:37:32,713 [INFO] IPUIPlugin:80 - create IPUIPlugin
2025-05-08 15:37:32,713 [INFO] PluginManager:220 - loadIPPluginJar : add tracer_emb
2025-05-08 15:37:32,714 [INFO] IPUIPlugin:80 - create IPUIPlugin
2025-05-08 15:37:32,714 [INFO] PluginManager:220 - loadIPPluginJar : add ts
2025-05-08 15:37:32,715 [INFO] IPUIPlugin:80 - create IPUIPlugin
2025-05-08 15:37:32,715 [INFO] PluginManager:220 - loadIPPluginJar : add tsc
2025-05-08 15:37:32,716 [INFO] IPUIPlugin:80 - create IPUIPlugin
2025-05-08 15:37:32,716 [INFO] PluginManager:220 - loadIPPluginJar : add ucpd
2025-05-08 15:37:32,717 [INFO] IPUIPlugin:80 - create IPUIPlugin
2025-05-08 15:37:32,718 [INFO] PluginManager:220 - loadIPPluginJar : add usart
2025-05-08 15:37:32,720 [INFO] IPUIPlugin:80 - create IPUIPlugin
2025-05-08 15:37:32,720 [INFO] PluginManager:220 - loadIPPluginJar : add usbx
2025-05-08 15:37:32,831 [FATAL] Updater:351 - Updater called before beeing initialized
2025-05-08 15:37:32,848 [INFO] RulesReader:64 - Compatibility file has been processed (302 Rules)
2025-05-08 15:37:32,856 [INFO] RulesReader:64 - Compatibility file has been processed (302 Rules)
2025-05-08 15:37:32,861 [INFO] CADModel:165 - CPN selected for project level
2025-05-08 15:37:32,861 [INFO] CADModel:114 - Register for checkConnection events
2025-05-08 15:37:32,861 [FATAL] Updater:351 - Updater called before beeing initialized
2025-05-08 15:37:32,861 [ERROR] CADModel:125 - Updater not yet initialized, retry later 
2025-05-08 15:37:32,944 [FATAL] Updater:351 - Updater called before beeing initialized
2025-05-08 15:37:32,945 [INFO] CADModel:165 - CPN selected for project level
2025-05-08 15:37:32,945 [INFO] CADModel:114 - Register for checkConnection events
2025-05-08 15:37:32,945 [FATAL] Updater:351 - Updater called before beeing initialized
2025-05-08 15:37:32,945 [ERROR] CADModel:125 - Updater not yet initialized, retry later 
2025-05-08 15:37:32,948 [FATAL] Updater:351 - Updater called before beeing initialized
2025-05-08 15:37:33,024 [FATAL] Updater:351 - Updater called before beeing initialized
2025-05-08 15:37:33,026 [INFO] DbMcusAds:53 - JSON generation date=Thu Mar 06 11:54:22 BRT 2025 (1741272862204)
2025-05-08 15:37:33,026 [FATAL] Updater:351 - Updater called before beeing initialized
2025-05-08 15:37:33,053 [WARN] DetailPanel:346 - Failed to get advertising image, set to default
2025-05-08 15:37:33,275 [FATAL] Updater:351 - Updater called before beeing initialized
2025-05-08 15:37:33,276 [FATAL] Updater:351 - Updater called before beeing initialized
2025-05-08 15:37:33,276 [FATAL] Updater:351 - Updater called before beeing initialized
2025-05-08 15:37:33,277 [WARN] DetailPanel:346 - Failed to get advertising image, set to default
2025-05-08 15:37:33,277 [FATAL] Updater:351 - Updater called before beeing initialized
2025-05-08 15:37:33,310 [ERROR] Updater:1198 - MainUpdater not yet initialized. External WinMGr cannot be set.
2025-05-08 15:37:33,311 [INFO] Updater:1134 - Updater Version found : 6.14.1
2025-05-08 15:37:33,322 [INFO] ApplicationProperties:184 - Using Application install path: C:\ST\STM32CubeIDE_1.18.1\STM32CubeIDE\plugins\com.st.stm32cube.common.mx_6.14.1.202504091515
2025-05-08 15:37:33,628 [INFO] MainUpdater:2872 - connection check result : 10
2025-05-08 15:37:33,628 [INFO] MainUpdater:289 - Updater Check For Update Now.
2025-05-08 15:37:33,629 [INFO] MicroXplorer:498 - Change Database Version : DB.6.0.141
2025-05-08 15:37:33,639 [INFO] McuFinderGlobals:63 - Set McuFinder mode to 2 (CubeIDE integrated)
2025-05-08 15:37:33,640 [INFO] UserAuth:484 - Internet connection configuration mode: 1
2025-05-08 15:37:33,652 [INFO] JxBrowserEngine:152 - Initiate JxBrowser Engine with user profile folder
2025-05-08 15:37:33,794 [INFO] CheckServerUpdateThread:120 - End of CheckServer Thread
2025-05-08 15:37:34,051 [INFO] WebApp:169 - Instantiating new browser for Auth
2025-05-08 15:37:34,513 [INFO] WebApp:463 - Apply proxy settings
2025-05-08 15:37:34,513 [INFO] WebApp:548 - Chromium requires no authentication
2025-05-08 15:37:34,517 [INFO] WebApp:491 - Direct internet connection detected
2025-05-08 15:37:34,529 [INFO] WebApp:894 - Register for checkConnection events
2025-05-08 15:37:34,529 [INFO] WebApp:463 - Apply proxy settings
2025-05-08 15:37:34,529 [INFO] WebApp:548 - Chromium requires no authentication
2025-05-08 15:37:34,529 [INFO] WebApp:491 - Direct internet connection detected
2025-05-08 15:37:34,629 [INFO] WebApp:225 - Starting web application
2025-05-08 15:37:34,629 [INFO] WebApp:593 - Web application path used C:\ST\STM32CubeIDE_1.18.1\STM32CubeIDE\plugins\com.st.stm32cube.common.mx_6.14.1.202504091515\db\plugins\mcufinder\reactClient1\index.html
2025-05-08 15:37:34,686 [INFO] UserAuth:484 - Internet connection configuration mode: 1
2025-05-08 15:37:34,966 [INFO] WebApp:191 - Connection restablished
2025-05-08 15:37:35,466 [WARN] PackLoader:240 - Cannot read IP mode file for STMicroelectronics.FP-SNS-MOTENVWB1.1.4.0
2025-05-08 15:37:35,472 [WARN] PackLoader:240 - Cannot read IP mode file for STMicroelectronics.FP-ATR-ASTRA1.2.0.2
2025-05-08 15:37:35,476 [WARN] PackLoader:240 - Cannot read IP mode file for STMicroelectronics.FP-ATR-ASTRA1.2.0.1
2025-05-08 15:37:35,482 [WARN] PackLoader:240 - Cannot read IP mode file for STMicroelectronics.X-CUBE-SMBUS.2.1.0
2025-05-08 15:37:35,488 [WARN] PackLoader:240 - Cannot read IP mode file for STMicroelectronics.X-CUBE-WB05N.1.1.0
2025-05-08 15:37:35,514 [WARN] PackLoader:240 - Cannot read IP mode file for STMicroelectronics.X-CUBE-AZRTOS-F7.1.1.0
2025-05-08 15:37:35,521 [WARN] PackLoader:240 - Cannot read IP mode file for STMicroelectronics.FP-SNS-FLIGHT1.5.0.2
2025-05-08 15:37:35,543 [WARN] PackLoader:240 - Cannot read IP mode file for Infineon.AIROC-Wi-Fi-Bluetooth-STM32.1.7.0
2025-05-08 15:37:35,554 [WARN] PackLoader:240 - Cannot read IP mode file for STMicroelectronics.X-CUBE-DISPLAY.3.0.0
2025-05-08 15:37:35,562 [WARN] PackLoader:240 - Cannot read IP mode file for STMicroelectronics.X-CUBE-BLE1.7.0.0
2025-05-08 15:37:35,567 [WARN] PackLoader:240 - Cannot read IP mode file for STMicroelectronics.X-CUBE-NFC10.1.0.0
2025-05-08 15:37:35,577 [WARN] PackLoader:240 - Cannot read IP mode file for STMicroelectronics.X-CUBE-BLEMGR.4.0.0
2025-05-08 15:37:35,585 [WARN] PackLoader:240 - Cannot read IP mode file for emotas.I-CUBE-CANOPEN.1.3.0
2025-05-08 15:37:35,588 [WARN] ConditionMgr:438 - getConditionDescription Invalid condition id : Cortex-A Device cause : null
2025-05-08 15:37:35,597 [WARN] ConditionMgr:1044 - genDependencies : Invalid condition id : Cortex-A Device cause : null
2025-05-08 15:37:35,597 [WARN] ConditionMgr:1044 - genDependencies : Invalid condition id : Cortex-A Device cause : null
2025-05-08 15:37:35,597 [WARN] ConditionMgr:1044 - genDependencies : Invalid condition id : Cortex-A Device cause : null
2025-05-08 15:37:35,600 [WARN] PackLoader:240 - Cannot read IP mode file for STMicroelectronics.FP-SNS-SMARTAG2.1.2.0
2025-05-08 15:37:35,603 [WARN] PackLoader:240 - Cannot read IP mode file for STMicroelectronics.FP-SNS-FLIGHT1.5.1.0
2025-05-08 15:37:35,638 [WARN] PackLoader:240 - Cannot read IP mode file for STMicroelectronics.X-CUBE-MEMS1.11.1.0
2025-05-08 15:37:35,794 [INFO] LogOutputStream:77 - [STDOUT_REDIRECT] 1 : Invalid condition id : UX_CORESTACK_Condition cause : null
2025-05-08 15:37:35,795 [INFO] LogOutputStream:77 - [STDOUT_REDIRECT] 1 : Invalid condition id : UX_CORESTACK_Condition cause : null
2025-05-08 15:37:35,795 [INFO] LogOutputStream:77 - [STDOUT_REDIRECT] 1 : Invalid condition id : UX_CORESTACK_Condition cause : null
2025-05-08 15:37:35,796 [INFO] LogOutputStream:77 - [STDOUT_REDIRECT] 1 : Invalid condition id : UX_CORESTACK_Condition cause : null
2025-05-08 15:37:35,797 [INFO] LogOutputStream:77 - [STDOUT_REDIRECT] 1 : Invalid condition id : UX_CORESTACK_Condition cause : null
2025-05-08 15:37:35,799 [WARN] PackLoader:240 - Cannot read IP mode file for STMicroelectronics.X-CUBE-AZRTOS-WL.2.0.0
2025-05-08 15:37:35,804 [WARN] PackLoader:240 - Cannot read IP mode file for STMicroelectronics.FP-SNS-MOTENV1.5.0.0
2025-05-08 15:37:35,810 [WARN] PackLoader:240 - Cannot read IP mode file for WES.I-CUBE-Cesium.1.3.0
2025-05-08 15:37:35,814 [WARN] PackLoader:240 - Cannot read IP mode file for STMicroelectronics.X-CUBE-BLE2.3.3.0
2025-05-08 15:37:35,819 [WARN] PackLoader:240 - Cannot read IP mode file for STMicroelectronics.X-CUBE-NFC9.1.0.0
2025-05-08 15:37:35,822 [WARN] PackLoader:240 - Cannot read IP mode file for STMicroelectronics.X-CUBE-BLE1.7.1.0
2025-05-08 15:37:35,825 [WARN] PackLoader:240 - Cannot read IP mode file for wolfSSL.I-CUBE-wolfMQTT.1.19.2
2025-05-08 15:37:35,861 [WARN] PackLoader:240 - Cannot read IP mode file for STMicroelectronics.X-CUBE-MEMS1.11.2.0
2025-05-08 15:37:35,953 [WARN] PackLoader:240 - Cannot read IP mode file for STMicroelectronics.X-CUBE-AZRTOS-G0.1.1.0
2025-05-08 15:37:35,957 [WARN] PackLoader:240 - Cannot read IP mode file for STMicroelectronics.X-CUBE-SAFEA1.1.2.2
2025-05-08 15:37:35,961 [WARN] PackLoader:240 - Cannot read IP mode file for STMicroelectronics.X-CUBE-NFC4.3.0.0
2025-05-08 15:37:35,967 [WARN] PackLoader:240 - Cannot read IP mode file for EmbeddedOffice.I-CUBE-FS-RTOS.1.0.1
2025-05-08 15:37:35,970 [WARN] PackLoader:240 - Cannot read IP mode file for STMicroelectronics.X-CUBE-WB05N.2.0.0
2025-05-08 15:37:35,973 [WARN] PackLoader:240 - Cannot read IP mode file for wolfSSL.I-CUBE-wolfTPM.3.8.0
2025-05-08 15:37:35,977 [WARN] PackLoader:240 - Cannot read IP mode file for STMicroelectronics.X-CUBE-TCPP.4.2.0
2025-05-08 15:37:35,984 [WARN] PackLoader:240 - Cannot read IP mode file for RealThread.X-CUBE-RT-Thread_Nano.4.1.1
2025-05-08 15:37:35,987 [WARN] PackLoader:240 - Cannot read IP mode file for STMicroelectronics.FP-ATR-SIGFOX1.3.2.0
2025-05-08 15:37:35,991 [WARN] PackLoader:240 - Cannot read IP mode file for STMicroelectronics.X-CUBE-EEPRMA1.5.1.0
2025-05-08 15:37:35,994 [WARN] PackLoader:240 - Cannot read IP mode file for wolfSSL.I-CUBE-wolfSSL.5.7.6
2025-05-08 15:37:35,998 [WARN] PackLoader:240 - Cannot read IP mode file for ITTIA_DB.I-CUBE-ITTIADB.8.9.0
2025-05-08 15:37:36,014 [WARN] PackLoader:240 - Cannot read IP mode file for SEGGER.I-CUBE-embOS.1.3.1
2025-05-08 15:37:36,033 [WARN] PackLoader:240 - Cannot read IP mode file for STMicroelectronics.X-CUBE-ALGOBUILD.1.4.0
2025-05-08 15:37:36,043 [WARN] PackLoader:240 - Cannot read IP mode file for STMicroelectronics.X-CUBE-AZRTOS-F4.1.1.0
2025-05-08 15:37:36,047 [WARN] PackLoader:240 - Cannot read IP mode file for Avnet-IotConnect.X-CUBE-IoTC-DA16k-PMOD.1.0.0
2025-05-08 15:37:36,050 [WARN] PackLoader:240 - Cannot read IP mode file for STMicroelectronics.X-CUBE-ISPU.2.1.0
2025-05-08 15:37:36,060 [WARN] PackLoader:240 - Cannot read IP mode file for STMicroelectronics.X-CUBE-AZRTOS-L5.2.0.0
2025-05-08 15:37:36,066 [WARN] PackLoader:240 - Cannot read IP mode file for STMicroelectronics.X-CUBE-NFC6.3.1.0
2025-05-08 15:37:36,070 [WARN] PackLoader:240 - Cannot read IP mode file for STMicroelectronics.X-CUBE-DPower.1.2.0
2025-05-08 15:37:36,073 [WARN] PackLoader:240 - Cannot read IP mode file for STMicroelectronics.X-CUBE-FREERTOS.1.3.0
2025-05-08 15:37:36,076 [WARN] PackLoader:240 - Cannot read IP mode file for STMicroelectronics.X-CUBE-NFC7.1.0.1
2025-05-08 15:37:36,079 [WARN] PackLoader:240 - Cannot read IP mode file for STMicroelectronics.X-CUBE-DPower.1.3.0
2025-05-08 15:37:36,090 [WARN] ConditionMgr:438 - getConditionDescription Invalid condition id : LAN8742 Phy interface Condition cause : null
2025-05-08 15:37:36,090 [WARN] PackLoader:240 - Cannot read IP mode file for STMicroelectronics.X-CUBE-AZRTOS-L4.2.0.0
2025-05-08 15:37:36,091 [WARN] ConditionMgr:1044 - genDependencies : Invalid condition id : LAN8742 Phy interface Condition cause : null
2025-05-08 15:37:36,091 [WARN] ConditionMgr:1044 - genDependencies : Invalid condition id : LAN8742 Phy interface Condition cause : null
2025-05-08 15:37:36,091 [WARN] ConditionMgr:1044 - genDependencies : Invalid condition id : LAN8742 Phy interface Condition cause : null
2025-05-08 15:37:36,096 [WARN] PackLoader:240 - Cannot read IP mode file for STMicroelectronics.X-CUBE-SFXS2LP1.4.0.0
2025-05-08 15:37:36,108 [WARN] PackLoader:240 - Cannot read IP mode file for STMicroelectronics.X-CUBE-AZRTOS-H7.3.3.0
2025-05-08 15:37:36,117 [WARN] ConditionMgr:438 - getConditionDescription Invalid condition id : UX DEVICE CLASS RTOS Condition cause : null
2025-05-08 15:37:36,118 [WARN] ConditionMgr:438 - getConditionDescription Invalid condition id : UX DEVICE CLASS RTOS Condition cause : null
2025-05-08 15:37:36,119 [WARN] PackLoader:240 - Cannot read IP mode file for STMicroelectronics.X-CUBE-AZRTOS-WB.2.0.0
2025-05-08 15:37:36,119 [WARN] ConditionMgr:1044 - genDependencies : Invalid condition id : UX DEVICE CLASS RTOS Condition cause : null
2025-05-08 15:37:36,119 [WARN] ConditionMgr:1044 - genDependencies : Invalid condition id : UX DEVICE CLASS RTOS Condition cause : null
2025-05-08 15:37:36,120 [WARN] ConditionMgr:1044 - genDependencies : Invalid condition id : UX DEVICE CLASS RTOS Condition cause : null
2025-05-08 15:37:36,120 [WARN] ConditionMgr:1044 - genDependencies : Invalid condition id : UX DEVICE CLASS RTOS Condition cause : null
2025-05-08 15:37:36,120 [WARN] ConditionMgr:1044 - genDependencies : Invalid condition id : UX DEVICE CLASS RTOS Condition cause : null
2025-05-08 15:37:36,124 [WARN] PackLoader:240 - Cannot read IP mode file for STMicroelectronics.X-CUBE-GNSS1.7.0.1
2025-05-08 15:37:36,127 [WARN] PackLoader:240 - Cannot read IP mode file for STMicroelectronics.X-CUBE-TOUCHGFX.4.25.0
2025-05-08 15:37:36,131 [WARN] PackLoader:240 - Cannot read IP mode file for STMicroelectronics.FP-SNS-STBOX1.2.0.0
2025-05-08 15:37:36,137 [WARN] PackLoader:240 - Cannot read IP mode file for STMicroelectronics.X-CUBE-SUBG2.5.0.0
2025-05-08 15:37:36,158 [WARN] PackLoader:240 - Cannot read IP mode file for STMicroelectronics.X-CUBE-AZRTOS-H7RS.1.1.0
2025-05-08 15:37:36,163 [WARN] PackLoader:240 - Cannot read IP mode file for Cesanta.I-CUBE-Mongoose.7.13.0
2025-05-08 15:37:36,173 [WARN] PackLoader:240 - Cannot read IP mode file for STMicroelectronics.X-CUBE-AZRTOS-G4.2.0.0
2025-05-08 15:37:36,176 [WARN] PackLoader:240 - Cannot read IP mode file for wolfSSL.I-CUBE-wolfSSH.1.4.20
2025-05-08 15:37:36,180 [WARN] PackLoader:240 - Cannot read IP mode file for STMicroelectronics.X-CUBE-NFC7.2.0.0
2025-05-08 15:37:36,195 [WARN] PackLoader:240 - Cannot read IP mode file for STMicroelectronics.X-CUBE-IPS.3.1.0
2025-05-08 15:37:36,202 [WARN] PackLoader:240 - Cannot read IP mode file for STMicroelectronics.X-CUBE-ALS.1.0.2
2025-05-08 15:37:36,206 [WARN] PackLoader:240 - Cannot read IP mode file for portGmbH.I-Cube-SoM-uGOAL.1.1.0
2025-05-08 15:37:36,218 [WARN] PackLoader:240 - Cannot read IP mode file for STMicroelectronics.X-CUBE-AZRTOS-H7RS.1.0.0
2025-05-08 15:37:36,226 [WARN] PackLoader:240 - Cannot read IP mode file for STMicroelectronics.X-CUBE-TOF1.3.4.2
2025-05-08 15:37:36,237 [WARN] PackLoader:240 - Cannot read IP mode file for STMicroelectronics.X-CUBE-TOF1.3.4.3
2025-05-08 15:37:36,244 [INFO] ThirdParty:978 - Integrity check success = true
2025-05-08 15:37:36,244 [INFO] IntegrityCheckThread:100 - exiting critical section [integrity check]
2025-05-08 15:37:36,244 [INFO] IntegrityCheckThread:103 - End integrity checks thread
2025-05-08 15:38:51,520 [ERROR] LogOutputStream:75 - [STDERR_REDIRECT] 
